# JRE version: OpenJDK Runtime Environment (8.0_242) (build 1.8.0_242-release-1644-b3-6222593)
# Java VM: OpenJDK 64-Bit Server VM (25.242-b3-6222593 mixed mode linux-amd64 compressed oops)
Heap:
 PSYoungGen      total 450560K, used 14487K [0x00000000d5580000, 0x00000000f2700000, 0x0000000100000000)
  eden space 424448K, 0% used [0x00000000d5580000,0x00000000d5580000,0x00000000ef400000)
  from space 26112K, 55% used [0x00000000ef400000,0x00000000f0225ec8,0x00000000f0d80000)
  to   space 18944K, 0% used [0x00000000f1480000,0x00000000f1480000,0x00000000f2700000)
 ParOldGen       total 78848K, used 61965K [0x0000000080000000, 0x0000000084d00000, 0x00000000d5580000)
  object space 78848K, 78% used [0x0000000080000000,0x0000000083c836f8,0x0000000084d00000)
 Metaspace       used 72095K, capacity 75568K, committed 75672K, reserved 1114112K
  class space    used 9754K, capacity 10404K, committed 10416K, reserved 1048576K
GC Heap History (10 events):
Event: 15.431 GC heap after
Heap after GC invocations=15 (full 3):
 PSYoungGen      total 271360K, used 0K [0x00000000d5580000, 0x00000000e7e00000, 0x0000000100000000)
  eden space 255488K, 0% used [0x00000000d5580000,0x00000000d5580000,0x00000000e4f00000)
  from space 15872K, 0% used [0x00000000e6580000,0x00000000e6580000,0x00000000e7500000)
  to   space 23040K, 0% used [0x00000000e4f00000,0x00000000e4f00000,0x00000000e6580000)
 ParOldGen       total 78848K, used 40416K [0x0000000080000000, 0x0000000084d00000, 0x00000000d5580000)
  object space 78848K, 51% used [0x0000000080000000,0x0000000082778008,0x0000000084d00000)
 Metaspace       used 56721K, capacity 59100K, committed 59160K, reserved 1099776K
  class space    used 7763K, capacity 8230K, committed 8240K, reserved 1048576K
}
Event: 22.079 GC heap before
{Heap before GC invocations=16 (full 3):
 PSYoungGen      total 271360K, used 255488K [0x00000000d5580000, 0x00000000e7e00000, 0x0000000100000000)
  eden space 255488K, 100% used [0x00000000d5580000,0x00000000e4f00000,0x00000000e4f00000)
  from space 15872K, 0% used [0x00000000e6580000,0x00000000e6580000,0x00000000e7500000)
  to   space 23040K, 0% used [0x00000000e4f00000,0x00000000e4f00000,0x00000000e6580000)
 ParOldGen       total 78848K, used 40416K [0x0000000080000000, 0x0000000084d00000, 0x00000000d5580000)
  object space 78848K, 51% used [0x0000000080000000,0x0000000082778008,0x0000000084d00000)
 Metaspace       used 66820K, capacity 69798K, committed 69912K, reserved 1110016K
  class space    used 9184K, capacity 9773K, committed 9776K, reserved 1048576K
Event: 22.150 GC heap after
Heap after GC invocations=16 (full 3):
 PSYoungGen      total 278528K, used 22554K [0x00000000d5580000, 0x00000000ed100000, 0x0000000100000000)
  eden space 255488K, 0% used [0x00000000d5580000,0x00000000d5580000,0x00000000e4f00000)
  from space 23040K, 97% used [0x00000000e4f00000,0x00000000e6506930,0x00000000e6580000)
  to   space 26624K, 0% used [0x00000000eb700000,0x00000000eb700000,0x00000000ed100000)
 ParOldGen       total 78848K, used 40424K [0x0000000080000000, 0x0000000084d00000, 0x00000000d5580000)
  object space 78848K, 51% used [0x0000000080000000,0x000000008277a008,0x0000000084d00000)
 Metaspace       used 66820K, capacity 69798K, committed 69912K, reserved 1110016K
  class space    used 9184K, capacity 9773K, committed 9776K, reserved 1048576K
}
Event: 23.466 GC heap before
{Heap before GC invocations=17 (full 3):
 PSYoungGen      total 278528K, used 278042K [0x00000000d5580000, 0x00000000ed100000, 0x0000000100000000)
  eden space 255488K, 100% used [0x00000000d5580000,0x00000000e4f00000,0x00000000e4f00000)
  from space 23040K, 97% used [0x00000000e4f00000,0x00000000e6506930,0x00000000e6580000)
  to   space 26624K, 0% used [0x00000000eb700000,0x00000000eb700000,0x00000000ed100000)
 ParOldGen       total 78848K, used 40424K [0x0000000080000000, 0x0000000084d00000, 0x00000000d5580000)
  object space 78848K, 51% used [0x0000000080000000,0x000000008277a008,0x0000000084d00000)
 Metaspace       used 68079K, capacity 71126K, committed 71320K, reserved 1110016K
  class space    used 9300K, capacity 9899K, committed 9904K, reserved 1048576K
Event: 23.548 GC heap after
Heap after GC invocations=17 (full 3):
 PSYoungGen      total 362496K, used 12575K [0x00000000d5580000, 0x00000000ed280000, 0x0000000100000000)
  eden space 335872K, 0% used [0x00000000d5580000,0x00000000d5580000,0x00000000e9d80000)
  from space 26624K, 47% used [0x00000000eb700000,0x00000000ec347dc8,0x00000000ed100000)
  to   space 26112K, 0% used [0x00000000e9d80000,0x00000000e9d80000,0x00000000eb700000)
 ParOldGen       total 78848K, used 54775K [0x0000000080000000, 0x0000000084d00000, 0x00000000d5580000)
  object space 78848K, 69% used [0x0000000080000000,0x000000008357dd58,0x0000000084d00000)
 Metaspace       used 68079K, capacity 71126K, committed 71320K, reserved 1110016K
  class space    used 9300K, capacity 9899K, committed 9904K, reserved 1048576K
}
Event: 26.916 GC heap before
{Heap before GC invocations=18 (full 3):
 PSYoungGen      total 362496K, used 348447K [0x00000000d5580000, 0x00000000ed280000, 0x0000000100000000)
  eden space 335872K, 100% used [0x00000000d5580000,0x00000000e9d80000,0x00000000e9d80000)
  from space 26624K, 47% used [0x00000000eb700000,0x00000000ec347dc8,0x00000000ed100000)
  to   space 26112K, 0% used [0x00000000e9d80000,0x00000000e9d80000,0x00000000eb700000)
 ParOldGen       total 78848K, used 54775K [0x0000000080000000, 0x0000000084d00000, 0x00000000d5580000)
  object space 78848K, 69% used [0x0000000080000000,0x000000008357dd58,0x0000000084d00000)
 Metaspace       used 68125K, capacity 71194K, committed 71320K, reserved 1110016K
  class space    used 9300K, capacity 9899K, committed 9904K, reserved 1048576K
Event: 26.953 GC heap after
Heap after GC invocations=18 (full 3):
 PSYoungGen      total 361984K, used 1667K [0x00000000d5580000, 0x00000000f2e00000, 0x0000000100000000)
  eden space 335872K, 0% used [0x00000000d5580000,0x00000000d5580000,0x00000000e9d80000)
  from space 26112K, 6% used [0x00000000e9d80000,0x00000000e9f20d50,0x00000000eb700000)
  to   space 26112K, 0% used [0x00000000f1480000,0x00000000f1480000,0x00000000f2e00000)
 ParOldGen       total 78848K, used 61949K [0x0000000080000000, 0x0000000084d00000, 0x00000000d5580000)
  object space 78848K, 78% used [0x0000000080000000,0x0000000083c7f6f8,0x0000000084d00000)
 Metaspace       used 68125K, capacity 71194K, committed 71320K, reserved 1110016K
  class space    used 9300K, capacity 9899K, committed 9904K, reserved 1048576K
}
Event: 29.747 GC heap before
{Heap before GC invocations=19 (full 3):
 PSYoungGen      total 361984K, used 337539K [0x00000000d5580000, 0x00000000f2e00000, 0x0000000100000000)
  eden space 335872K, 100% used [0x00000000d5580000,0x00000000e9d80000,0x00000000e9d80000)
  from space 26112K, 6% used [0x00000000e9d80000,0x00000000e9f20d50,0x00000000eb700000)
  to   space 26112K, 0% used [0x00000000f1480000,0x00000000f1480000,0x00000000f2e00000)
 ParOldGen       total 78848K, used 61949K [0x0000000080000000, 0x0000000084d00000, 0x00000000d5580000)
  object space 78848K, 78% used [0x0000000080000000,0x0000000083c7f6f8,0x0000000084d00000)
 Metaspace       used 69862K, capacity 73110K, committed 73368K, reserved 1112064K
  class space    used 9519K, capacity 10133K, committed 10160K, reserved 1048576K
Event: 29.798 GC heap after
Heap after GC invocations=19 (full 3):
 PSYoungGen      total 443392K, used 14657K [0x00000000d5580000, 0x00000000f2700000, 0x0000000100000000)
  eden space 424448K, 0% used [0x00000000d5580000,0x00000000d5580000,0x00000000ef400000)
  from space 18944K, 77% used [0x00000000f1480000,0x00000000f22d0528,0x00000000f2700000)
  to   space 26112K, 0% used [0x00000000ef400000,0x00000000ef400000,0x00000000f0d80000)
 ParOldGen       total 78848K, used 61957K [0x0000000080000000, 0x0000000084d00000, 0x00000000d5580000)
  object space 78848K, 78% used [0x0000000080000000,0x0000000083c816f8,0x0000000084d00000)
 Metaspace       used 69862K, capacity 73110K, committed 73368K, reserved 1112064K
  class space    used 9519K, capacity 10133K, committed 10160K, reserved 1048576K
}
Event: 34.008 GC heap before
{Heap before GC invocations=20 (full 3):
 PSYoungGen      total 443392K, used 439105K [0x00000000d5580000, 0x00000000f2700000, 0x0000000100000000)
  eden space 424448K, 100% used [0x00000000d5580000,0x00000000ef400000,0x00000000ef400000)
  from space 18944K, 77% used [0x00000000f1480000,0x00000000f22d0528,0x00000000f2700000)
  to   space 26112K, 0% used [0x00000000ef400000,0x00000000ef400000,0x00000000f0d80000)
 ParOldGen       total 78848K, used 61957K [0x0000000080000000, 0x0000000084d00000, 0x00000000d5580000)
  object space 78848K, 78% used [0x0000000080000000,0x0000000083c816f8,0x0000000084d00000)
 Metaspace       used 72095K, capacity 75568K, committed 75672K, reserved 1114112K
  class space    used 9754K, capacity 10404K, committed 10416K, reserved 1048576K

