# JRE version: OpenJDK Runtime Environment (11.0.8) (build 11.0.8+0-b944-P17168821)
# Java VM: OpenJDK 64-Bit Server VM (11.0.8+0-b944-6842174, mixed mode, tiered, compressed oops, g1 gc, linux-amd64)
Heap:
 garbage-first heap   total 407552K, used 95718K [0x0000000080000000, 0x0000000100000000)
  region size 1024K, 5 young (5120K), 5 survivors (5120K)
 Metaspace       used 91241K, capacity 93486K, committed 93980K, reserved 1130496K
  class space    used 11766K, capacity 12528K, committed 12652K, reserved 1048576K
GC Heap History (20 events):
Event: 59.682 GC heap after
{Heap after GC invocations=57 (full 0):
 garbage-first heap   total 110592K, used 89842K [0x0000000080000000, 0x0000000100000000)
  region size 1024K, 1 young (1024K), 1 survivors (1024K)
 Metaspace       used 90814K, capacity 93137K, committed 93468K, reserved 1130496K
  class space    used 11772K, capacity 12567K, committed 12652K, reserved 1048576K
}
Event: 59.716 GC heap before
{Heap before GC invocations=57 (full 0):
 garbage-first heap   total 110592K, used 94962K [0x0000000080000000, 0x0000000100000000)
  region size 1024K, 7 young (7168K), 1 survivors (1024K)
 Metaspace       used 90863K, capacity 93202K, committed 93468K, reserved 1130496K
  class space    used 11774K, capacity 12567K, committed 12652K, reserved 1048576K
}
Event: 59.720 GC heap after
{Heap after GC invocations=58 (full 0):
 garbage-first heap   total 110592K, used 90396K [0x0000000080000000, 0x0000000100000000)
  region size 1024K, 1 young (1024K), 1 survivors (1024K)
 Metaspace       used 90863K, capacity 93202K, committed 93468K, reserved 1130496K
  class space    used 11774K, capacity 12567K, committed 12652K, reserved 1048576K
}
Event: 59.750 GC heap before
{Heap before GC invocations=58 (full 0):
 garbage-first heap   total 110592K, used 94492K [0x0000000080000000, 0x0000000100000000)
  region size 1024K, 6 young (6144K), 1 survivors (1024K)
 Metaspace       used 90901K, capacity 93204K, committed 93468K, reserved 1130496K
  class space    used 11777K, capacity 12567K, committed 12652K, reserved 1048576K
}
Event: 59.753 GC heap after
{Heap after GC invocations=59 (full 0):
 garbage-first heap   total 110592K, used 90814K [0x0000000080000000, 0x0000000100000000)
  region size 1024K, 1 young (1024K), 1 survivors (1024K)
 Metaspace       used 90901K, capacity 93204K, committed 93468K, reserved 1130496K
  class space    used 11777K, capacity 12567K, committed 12652K, reserved 1048576K
}
Event: 59.793 GC heap before
{Heap before GC invocations=59 (full 0):
 garbage-first heap   total 110592K, used 94910K [0x0000000080000000, 0x0000000100000000)
  region size 1024K, 6 young (6144K), 1 survivors (1024K)
 Metaspace       used 90934K, capacity 93268K, committed 93468K, reserved 1130496K
  class space    used 11777K, capacity 12567K, committed 12652K, reserved 1048576K
}
Event: 59.797 GC heap after
{Heap after GC invocations=60 (full 0):
 garbage-first heap   total 110592K, used 91017K [0x0000000080000000, 0x0000000100000000)
  region size 1024K, 1 young (1024K), 1 survivors (1024K)
 Metaspace       used 90934K, capacity 93268K, committed 93468K, reserved 1130496K
  class space    used 11777K, capacity 12567K, committed 12652K, reserved 1048576K
}
Event: 59.826 GC heap before
{Heap before GC invocations=60 (full 0):
 garbage-first heap   total 110592K, used 95113K [0x0000000080000000, 0x0000000100000000)
  region size 1024K, 6 young (6144K), 1 survivors (1024K)
 Metaspace       used 90954K, capacity 93268K, committed 93468K, reserved 1130496K
  class space    used 11777K, capacity 12567K, committed 12652K, reserved 1048576K
}
Event: 59.829 GC heap after
{Heap after GC invocations=61 (full 0):
 garbage-first heap   total 110592K, used 90982K [0x0000000080000000, 0x0000000100000000)
  region size 1024K, 1 young (1024K), 1 survivors (1024K)
 Metaspace       used 90954K, capacity 93268K, committed 93468K, reserved 1130496K
  class space    used 11777K, capacity 12567K, committed 12652K, reserved 1048576K
}
Event: 59.890 GC heap before
{Heap before GC invocations=61 (full 0):
 garbage-first heap   total 110592K, used 96102K [0x0000000080000000, 0x0000000100000000)
  region size 1024K, 6 young (6144K), 1 survivors (1024K)
 Metaspace       used 90954K, capacity 93268K, committed 93468K, reserved 1130496K
  class space    used 11777K, capacity 12567K, committed 12652K, reserved 1048576K
}
Event: 59.893 GC heap after
{Heap after GC invocations=62 (full 0):
 garbage-first heap   total 110592K, used 91127K [0x0000000080000000, 0x0000000100000000)
  region size 1024K, 1 young (1024K), 1 survivors (1024K)
 Metaspace       used 90954K, capacity 93268K, committed 93468K, reserved 1130496K
  class space    used 11777K, capacity 12567K, committed 12652K, reserved 1048576K
}
Event: 59.926 GC heap before
{Heap before GC invocations=62 (full 0):
 garbage-first heap   total 110592K, used 96247K [0x0000000080000000, 0x0000000100000000)
  region size 1024K, 6 young (6144K), 1 survivors (1024K)
 Metaspace       used 90954K, capacity 93268K, committed 93468K, reserved 1130496K
  class space    used 11777K, capacity 12567K, committed 12652K, reserved 1048576K
}
Event: 59.931 GC heap after
{Heap after GC invocations=63 (full 0):
 garbage-first heap   total 203776K, used 91146K [0x0000000080000000, 0x0000000100000000)
  region size 1024K, 1 young (1024K), 1 survivors (1024K)
 Metaspace       used 90954K, capacity 93268K, committed 93468K, reserved 1130496K
  class space    used 11777K, capacity 12567K, committed 12652K, reserved 1048576K
}
Event: 60.170 GC heap before
{Heap before GC invocations=64 (full 0):
 garbage-first heap   total 203776K, used 133130K [0x0000000080000000, 0x0000000100000000)
  region size 1024K, 42 young (43008K), 1 survivors (1024K)
 Metaspace       used 91082K, capacity 93332K, committed 93724K, reserved 1130496K
  class space    used 11779K, capacity 12567K, committed 12652K, reserved 1048576K
}
Event: 60.177 GC heap after
{Heap after GC invocations=65 (full 0):
 garbage-first heap   total 203776K, used 91979K [0x0000000080000000, 0x0000000100000000)
  region size 1024K, 2 young (2048K), 2 survivors (2048K)
 Metaspace       used 91082K, capacity 93332K, committed 93724K, reserved 1130496K
  class space    used 11779K, capacity 12567K, committed 12652K, reserved 1048576K
}
Event: 60.209 GC heap before
{Heap before GC invocations=65 (full 0):
 garbage-first heap   total 203776K, used 102219K [0x0000000080000000, 0x0000000100000000)
  region size 1024K, 13 young (13312K), 2 survivors (2048K)
 Metaspace       used 91098K, capacity 93332K, committed 93724K, reserved 1130496K
  class space    used 11779K, capacity 12567K, committed 12652K, reserved 1048576K
}
Event: 60.218 GC heap after
{Heap after GC invocations=66 (full 0):
 garbage-first heap   total 203776K, used 92077K [0x0000000080000000, 0x0000000100000000)
  region size 1024K, 2 young (2048K), 2 survivors (2048K)
 Metaspace       used 91098K, capacity 93332K, committed 93724K, reserved 1130496K
  class space    used 11779K, capacity 12567K, committed 12652K, reserved 1048576K
}
Event: 60.382 GC heap before
{Heap before GC invocations=66 (full 0):
 garbage-first heap   total 203776K, used 144301K [0x0000000080000000, 0x0000000100000000)
  region size 1024K, 53 young (54272K), 2 survivors (2048K)
 Metaspace       used 91245K, capacity 93599K, committed 93980K, reserved 1130496K
  class space    used 11788K, capacity 12570K, committed 12652K, reserved 1048576K
}
Event: 60.393 GC heap after
{Heap after GC invocations=67 (full 0):
 garbage-first heap   total 203776K, used 95220K [0x0000000080000000, 0x0000000100000000)
  region size 1024K, 5 young (5120K), 5 survivors (5120K)
 Metaspace       used 91245K, capacity 93599K, committed 93980K, reserved 1130496K
  class space    used 11788K, capacity 12570K, committed 12652K, reserved 1048576K
}
Event: 60.690 GC heap before
{Heap before GC invocations=67 (full 0):
 garbage-first heap   total 203776K, used 152564K [0x0000000080000000, 0x0000000100000000)
  region size 1024K, 62 young (63488K), 5 survivors (5120K)
 Metaspace       used 91241K, capacity 93486K, committed 93980K, reserved 1130496K
  class space    used 11766K, capacity 12528K, committed 12652K, reserved 1048576K
}

