# JRE version: OpenJDK Runtime Environment (8.0_242) (build 1.8.0_242-release-1644-b3-6222593)
# Java VM: OpenJDK 64-Bit Server VM (25.242-b3-6222593 mixed mode linux-amd64 compressed oops)
Heap:
 PSYoungGen      total 291328K, used 22514K [0x00000000d5580000, 0x00000000e8b80000, 0x0000000100000000)
  eden space 268288K, 0% used [0x00000000d5580000,0x00000000d5580000,0x00000000e5b80000)
  from space 23040K, 97% used [0x00000000e5b80000,0x00000000e717c948,0x00000000e7200000)
  to   space 15872K, 0% used [0x00000000e7200000,0x00000000e7200000,0x00000000e8180000)
 ParOldGen       total 76800K, used 40379K [0x0000000080000000, 0x0000000084b00000, 0x00000000d5580000)
  object space 76800K, 52% used [0x0000000080000000,0x000000008276ee70,0x0000000084b00000)
 Metaspace       used 66462K, capacity 69490K, committed 69656K, reserved 1110016K
  class space    used 9134K, capacity 9747K, committed 9776K, reserved 1048576K
GC Heap History (10 events):
Event: 5.954 GC heap after
Heap after GC invocations=11 (full 1):
 PSYoungGen      total 205312K, used 8593K [0x00000000d5580000, 0x00000000e2b00000, 0x0000000100000000)
  eden space 193024K, 0% used [0x00000000d5580000,0x00000000d5580000,0x00000000e1200000)
  from space 12288K, 69% used [0x00000000e1f00000,0x00000000e2764768,0x00000000e2b00000)
  to   space 12800K, 0% used [0x00000000e1200000,0x00000000e1200000,0x00000000e1e80000)
 ParOldGen       total 27648K, used 10739K [0x0000000080000000, 0x0000000081b00000, 0x00000000d5580000)
  object space 27648K, 38% used [0x0000000080000000,0x0000000080a7cc68,0x0000000081b00000)
 Metaspace       used 34254K, capacity 35406K, committed 35496K, reserved 1079296K
  class space    used 4715K, capacity 5004K, committed 5040K, reserved 1048576K
}
Event: 5.954 GC heap before
{Heap before GC invocations=12 (full 2):
 PSYoungGen      total 205312K, used 8593K [0x00000000d5580000, 0x00000000e2b00000, 0x0000000100000000)
  eden space 193024K, 0% used [0x00000000d5580000,0x00000000d5580000,0x00000000e1200000)
  from space 12288K, 69% used [0x00000000e1f00000,0x00000000e2764768,0x00000000e2b00000)
  to   space 12800K, 0% used [0x00000000e1200000,0x00000000e1200000,0x00000000e1e80000)
 ParOldGen       total 27648K, used 10739K [0x0000000080000000, 0x0000000081b00000, 0x00000000d5580000)
  object space 27648K, 38% used [0x0000000080000000,0x0000000080a7cc68,0x0000000081b00000)
 Metaspace       used 34254K, capacity 35406K, committed 35496K, reserved 1079296K
  class space    used 4715K, capacity 5004K, committed 5040K, reserved 1048576K
Event: 6.061 GC heap after
Heap after GC invocations=12 (full 2):
 PSYoungGen      total 205312K, used 0K [0x00000000d5580000, 0x00000000e2b00000, 0x0000000100000000)
  eden space 193024K, 0% used [0x00000000d5580000,0x00000000d5580000,0x00000000e1200000)
  from space 12288K, 0% used [0x00000000e1f00000,0x00000000e1f00000,0x00000000e2b00000)
  to   space 12800K, 0% used [0x00000000e1200000,0x00000000e1200000,0x00000000e1e80000)
 ParOldGen       total 41472K, used 14922K [0x0000000080000000, 0x0000000082880000, 0x00000000d5580000)
  object space 41472K, 35% used [0x0000000080000000,0x0000000080e928a0,0x0000000082880000)
 Metaspace       used 34254K, capacity 35406K, committed 35496K, reserved 1079296K
  class space    used 4715K, capacity 5004K, committed 5040K, reserved 1048576K
}
Event: 8.092 GC heap before
{Heap before GC invocations=13 (full 2):
 PSYoungGen      total 205312K, used 193024K [0x00000000d5580000, 0x00000000e2b00000, 0x0000000100000000)
  eden space 193024K, 100% used [0x00000000d5580000,0x00000000e1200000,0x00000000e1200000)
  from space 12288K, 0% used [0x00000000e1f00000,0x00000000e1f00000,0x00000000e2b00000)
  to   space 12800K, 0% used [0x00000000e1200000,0x00000000e1200000,0x00000000e1e80000)
 ParOldGen       total 41472K, used 14922K [0x0000000080000000, 0x0000000082880000, 0x00000000d5580000)
  object space 41472K, 35% used [0x0000000080000000,0x0000000080e928a0,0x0000000082880000)
 Metaspace       used 45323K, capacity 47116K, committed 47272K, reserved 1089536K
  class space    used 6127K, capacity 6510K, committed 6576K, reserved 1048576K
Event: 8.113 GC heap after
Heap after GC invocations=13 (full 2):
 PSYoungGen      total 205824K, used 12772K [0x00000000d5580000, 0x00000000e8180000, 0x0000000100000000)
  eden space 193024K, 0% used [0x00000000d5580000,0x00000000d5580000,0x00000000e1200000)
  from space 12800K, 99% used [0x00000000e1200000,0x00000000e1e79290,0x00000000e1e80000)
  to   space 15872K, 0% used [0x00000000e7200000,0x00000000e7200000,0x00000000e8180000)
 ParOldGen       total 41472K, used 17939K [0x0000000080000000, 0x0000000082880000, 0x00000000d5580000)
  object space 41472K, 43% used [0x0000000080000000,0x0000000081184f50,0x0000000082880000)
 Metaspace       used 45323K, capacity 47116K, committed 47272K, reserved 1089536K
  class space    used 6127K, capacity 6510K, committed 6576K, reserved 1048576K
}
Event: 10.225 GC heap before
{Heap before GC invocations=14 (full 2):
 PSYoungGen      total 205824K, used 198459K [0x00000000d5580000, 0x00000000e8180000, 0x0000000100000000)
  eden space 193024K, 96% used [0x00000000d5580000,0x00000000e0ad5a60,0x00000000e1200000)
  from space 12800K, 99% used [0x00000000e1200000,0x00000000e1e79290,0x00000000e1e80000)
  to   space 15872K, 0% used [0x00000000e7200000,0x00000000e7200000,0x00000000e8180000)
 ParOldGen       total 41472K, used 17939K [0x0000000080000000, 0x0000000082880000, 0x00000000d5580000)
  object space 41472K, 43% used [0x0000000080000000,0x0000000081184f50,0x0000000082880000)
 Metaspace       used 56742K, capacity 59136K, committed 59160K, reserved 1099776K
  class space    used 7766K, capacity 8238K, committed 8240K, reserved 1048576K
Event: 10.281 GC heap after
Heap after GC invocations=14 (full 2):
 PSYoungGen      total 284160K, used 15870K [0x00000000d5580000, 0x00000000e8b80000, 0x0000000100000000)
  eden space 268288K, 0% used [0x00000000d5580000,0x00000000d5580000,0x00000000e5b80000)
  from space 15872K, 99% used [0x00000000e7200000,0x00000000e817f890,0x00000000e8180000)
  to   space 23040K, 0% used [0x00000000e5b80000,0x00000000e5b80000,0x00000000e7200000)
 ParOldGen       total 41472K, used 30899K [0x0000000080000000, 0x0000000082880000, 0x00000000d5580000)
  object space 41472K, 74% used [0x0000000080000000,0x0000000081e2cd30,0x0000000082880000)
 Metaspace       used 56742K, capacity 59136K, committed 59160K, reserved 1099776K
  class space    used 7766K, capacity 8238K, committed 8240K, reserved 1048576K
}
Event: 10.281 GC heap before
{Heap before GC invocations=15 (full 3):
 PSYoungGen      total 284160K, used 15870K [0x00000000d5580000, 0x00000000e8b80000, 0x0000000100000000)
  eden space 268288K, 0% used [0x00000000d5580000,0x00000000d5580000,0x00000000e5b80000)
  from space 15872K, 99% used [0x00000000e7200000,0x00000000e817f890,0x00000000e8180000)
  to   space 23040K, 0% used [0x00000000e5b80000,0x00000000e5b80000,0x00000000e7200000)
 ParOldGen       total 41472K, used 30899K [0x0000000080000000, 0x0000000082880000, 0x00000000d5580000)
  object space 41472K, 74% used [0x0000000080000000,0x0000000081e2cd30,0x0000000082880000)
 Metaspace       used 56742K, capacity 59136K, committed 59160K, reserved 1099776K
  class space    used 7766K, capacity 8238K, committed 8240K, reserved 1048576K
Event: 10.520 GC heap after
Heap after GC invocations=15 (full 3):
 PSYoungGen      total 284160K, used 0K [0x00000000d5580000, 0x00000000e8b80000, 0x0000000100000000)
  eden space 268288K, 0% used [0x00000000d5580000,0x00000000d5580000,0x00000000e5b80000)
  from space 15872K, 0% used [0x00000000e7200000,0x00000000e7200000,0x00000000e8180000)
  to   space 23040K, 0% used [0x00000000e5b80000,0x00000000e5b80000,0x00000000e7200000)
 ParOldGen       total 76800K, used 40371K [0x0000000080000000, 0x0000000084b00000, 0x00000000d5580000)
  object space 76800K, 52% used [0x0000000080000000,0x000000008276ce70,0x0000000084b00000)
 Metaspace       used 56728K, capacity 59088K, committed 59160K, reserved 1099776K
  class space    used 7761K, capacity 8230K, committed 8240K, reserved 1048576K
}
Event: 15.012 GC heap before
{Heap before GC invocations=16 (full 3):
 PSYoungGen      total 284160K, used 268288K [0x00000000d5580000, 0x00000000e8b80000, 0x0000000100000000)
  eden space 268288K, 100% used [0x00000000d5580000,0x00000000e5b80000,0x00000000e5b80000)
  from space 15872K, 0% used [0x00000000e7200000,0x00000000e7200000,0x00000000e8180000)
  to   space 23040K, 0% used [0x00000000e5b80000,0x00000000e5b80000,0x00000000e7200000)
 ParOldGen       total 76800K, used 40371K [0x0000000080000000, 0x0000000084b00000, 0x00000000d5580000)
  object space 76800K, 52% used [0x0000000080000000,0x000000008276ce70,0x0000000084b00000)
 Metaspace       used 66462K, capacity 69490K, committed 69656K, reserved 1110016K
  class space    used 9134K, capacity 9747K, committed 9776K, reserved 1048576K

