# JRE version: OpenJDK Runtime Environment (8.0_242) (build 1.8.0_242-release-1644-b3-6222593)
# Java VM: OpenJDK 64-Bit Server VM (25.242-b3-6222593 mixed mode linux-amd64 compressed oops)
Heap:
 PSYoungGen      total 281600K, used 352K [0x00000000d5580000, 0x00000000e8100000, 0x0000000100000000)
  eden space 258560K, 0% used [0x00000000d5580000,0x00000000d5580000,0x00000000e5200000)
  from space 23040K, 1% used [0x00000000e5200000,0x00000000e5258000,0x00000000e6880000)
  to   space 15872K, 0% used [0x00000000e6880000,0x00000000e6880000,0x00000000e7800000)
 ParOldGen       total 44032K, used 43557K [0x0000000080000000, 0x0000000082b00000, 0x00000000d5580000)
  object space 44032K, 98% used [0x0000000080000000,0x0000000082a89428,0x0000000082b00000)
 Metaspace       used 56705K, capacity 59032K, committed 59160K, reserved 1099776K
  class space    used 7759K, capacity 8230K, committed 8240K, reserved 1048576K
GC Heap History (10 events):
Event: 3.984 GC heap after
Heap after GC invocations=10 (full 1):
 PSYoungGen      total 134144K, used 9202K [0x00000000d5580000, 0x00000000e2680000, 0x0000000100000000)
  eden space 124928K, 0% used [0x00000000d5580000,0x00000000d5580000,0x00000000dcf80000)
  from space 9216K, 99% used [0x00000000dcf80000,0x00000000dd87cb68,0x00000000dd880000)
  to   space 12288K, 0% used [0x00000000e1a80000,0x00000000e1a80000,0x00000000e2680000)
 ParOldGen       total 30208K, used 12932K [0x0000000080000000, 0x0000000081d80000, 0x00000000d5580000)
  object space 30208K, 42% used [0x0000000080000000,0x0000000080ca10a8,0x0000000081d80000)
 Metaspace       used 32403K, capacity 33352K, committed 33456K, reserved 1077248K
  class space    used 4413K, capacity 4686K, committed 4784K, reserved 1048576K
}
Event: 4.261 GC heap before
{Heap before GC invocations=11 (full 1):
 PSYoungGen      total 134144K, used 50149K [0x00000000d5580000, 0x00000000e2680000, 0x0000000100000000)
  eden space 124928K, 32% used [0x00000000d5580000,0x00000000d7d7cc40,0x00000000dcf80000)
  from space 9216K, 99% used [0x00000000dcf80000,0x00000000dd87cb68,0x00000000dd880000)
  to   space 12288K, 0% used [0x00000000e1a80000,0x00000000e1a80000,0x00000000e2680000)
 ParOldGen       total 30208K, used 12932K [0x0000000080000000, 0x0000000081d80000, 0x00000000d5580000)
  object space 30208K, 42% used [0x0000000080000000,0x0000000080ca10a8,0x0000000081d80000)
 Metaspace       used 34323K, capacity 35422K, committed 35496K, reserved 1079296K
  class space    used 4715K, capacity 5004K, committed 5040K, reserved 1048576K
Event: 4.271 GC heap after
Heap after GC invocations=11 (full 1):
 PSYoungGen      total 198656K, used 8593K [0x00000000d5580000, 0x00000000e2580000, 0x0000000100000000)
  eden space 187392K, 0% used [0x00000000d5580000,0x00000000d5580000,0x00000000e0c80000)
  from space 11264K, 76% used [0x00000000e1a80000,0x00000000e22e4618,0x00000000e2580000)
  to   space 12800K, 0% used [0x00000000e0c80000,0x00000000e0c80000,0x00000000e1900000)
 ParOldGen       total 30208K, used 12940K [0x0000000080000000, 0x0000000081d80000, 0x00000000d5580000)
  object space 30208K, 42% used [0x0000000080000000,0x0000000080ca30a8,0x0000000081d80000)
 Metaspace       used 34323K, capacity 35422K, committed 35496K, reserved 1079296K
  class space    used 4715K, capacity 5004K, committed 5040K, reserved 1048576K
}
Event: 4.271 GC heap before
{Heap before GC invocations=12 (full 2):
 PSYoungGen      total 198656K, used 8593K [0x00000000d5580000, 0x00000000e2580000, 0x0000000100000000)
  eden space 187392K, 0% used [0x00000000d5580000,0x00000000d5580000,0x00000000e0c80000)
  from space 11264K, 76% used [0x00000000e1a80000,0x00000000e22e4618,0x00000000e2580000)
  to   space 12800K, 0% used [0x00000000e0c80000,0x00000000e0c80000,0x00000000e1900000)
 ParOldGen       total 30208K, used 12940K [0x0000000080000000, 0x0000000081d80000, 0x00000000d5580000)
  object space 30208K, 42% used [0x0000000080000000,0x0000000080ca30a8,0x0000000081d80000)
 Metaspace       used 34323K, capacity 35422K, committed 35496K, reserved 1079296K
  class space    used 4715K, capacity 5004K, committed 5040K, reserved 1048576K
Event: 4.366 GC heap after
Heap after GC invocations=12 (full 2):
 PSYoungGen      total 198656K, used 0K [0x00000000d5580000, 0x00000000e2580000, 0x0000000100000000)
  eden space 187392K, 0% used [0x00000000d5580000,0x00000000d5580000,0x00000000e0c80000)
  from space 11264K, 0% used [0x00000000e1a80000,0x00000000e1a80000,0x00000000e2580000)
  to   space 12800K, 0% used [0x00000000e0c80000,0x00000000e0c80000,0x00000000e1900000)
 ParOldGen       total 42496K, used 14877K [0x0000000080000000, 0x0000000082980000, 0x00000000d5580000)
  object space 42496K, 35% used [0x0000000080000000,0x0000000080e87448,0x0000000082980000)
 Metaspace       used 34323K, capacity 35422K, committed 35496K, reserved 1079296K
  class space    used 4715K, capacity 5004K, committed 5040K, reserved 1048576K
}
Event: 6.521 GC heap before
{Heap before GC invocations=13 (full 2):
 PSYoungGen      total 198656K, used 187392K [0x00000000d5580000, 0x00000000e2580000, 0x0000000100000000)
  eden space 187392K, 100% used [0x00000000d5580000,0x00000000e0c80000,0x00000000e0c80000)
  from space 11264K, 0% used [0x00000000e1a80000,0x00000000e1a80000,0x00000000e2580000)
  to   space 12800K, 0% used [0x00000000e0c80000,0x00000000e0c80000,0x00000000e1900000)
 ParOldGen       total 42496K, used 14877K [0x0000000080000000, 0x0000000082980000, 0x00000000d5580000)
  object space 42496K, 35% used [0x0000000080000000,0x0000000080e87448,0x0000000082980000)
 Metaspace       used 44979K, capacity 46758K, committed 46888K, reserved 1089536K
  class space    used 6079K, capacity 6439K, committed 6448K, reserved 1048576K
Event: 6.548 GC heap after
Heap after GC invocations=13 (full 2):
 PSYoungGen      total 200192K, used 12798K [0x00000000d5580000, 0x00000000e7800000, 0x0000000100000000)
  eden space 187392K, 0% used [0x00000000d5580000,0x00000000d5580000,0x00000000e0c80000)
  from space 12800K, 99% used [0x00000000e0c80000,0x00000000e18ff9d0,0x00000000e1900000)
  to   space 15872K, 0% used [0x00000000e6880000,0x00000000e6880000,0x00000000e7800000)
 ParOldGen       total 42496K, used 17853K [0x0000000080000000, 0x0000000082980000, 0x00000000d5580000)
  object space 42496K, 42% used [0x0000000080000000,0x000000008116f4d8,0x0000000082980000)
 Metaspace       used 44979K, capacity 46758K, committed 46888K, reserved 1089536K
  class space    used 6079K, capacity 6439K, committed 6448K, reserved 1048576K
}
Event: 9.171 GC heap before
{Heap before GC invocations=14 (full 2):
 PSYoungGen      total 200192K, used 200190K [0x00000000d5580000, 0x00000000e7800000, 0x0000000100000000)
  eden space 187392K, 100% used [0x00000000d5580000,0x00000000e0c80000,0x00000000e0c80000)
  from space 12800K, 99% used [0x00000000e0c80000,0x00000000e18ff9d0,0x00000000e1900000)
  to   space 15872K, 0% used [0x00000000e6880000,0x00000000e6880000,0x00000000e7800000)
 ParOldGen       total 42496K, used 17853K [0x0000000080000000, 0x0000000082980000, 0x00000000d5580000)
  object space 42496K, 42% used [0x0000000080000000,0x000000008116f4d8,0x0000000082980000)
 Metaspace       used 56531K, capacity 58856K, committed 58920K, reserved 1099776K
  class space    used 7732K, capacity 8192K, committed 8240K, reserved 1048576K
Event: 9.230 GC heap after
Heap after GC invocations=14 (full 2):
 PSYoungGen      total 274432K, used 15842K [0x00000000d5580000, 0x00000000e8100000, 0x0000000100000000)
  eden space 258560K, 0% used [0x00000000d5580000,0x00000000d5580000,0x00000000e5200000)
  from space 15872K, 99% used [0x00000000e6880000,0x00000000e77f8980,0x00000000e7800000)
  to   space 23040K, 0% used [0x00000000e5200000,0x00000000e5200000,0x00000000e6880000)
 ParOldGen       total 42496K, used 30403K [0x0000000080000000, 0x0000000082980000, 0x00000000d5580000)
  object space 42496K, 71% used [0x0000000080000000,0x0000000081db0f78,0x0000000082980000)
 Metaspace       used 56531K, capacity 58856K, committed 58920K, reserved 1099776K
  class space    used 7732K, capacity 8192K, committed 8240K, reserved 1048576K
}
Event: 9.339 GC heap before
{Heap before GC invocations=15 (full 2):
 PSYoungGen      total 274432K, used 20807K [0x00000000d5580000, 0x00000000e8100000, 0x0000000100000000)
  eden space 258560K, 1% used [0x00000000d5580000,0x00000000d5a59398,0x00000000e5200000)
  from space 15872K, 99% used [0x00000000e6880000,0x00000000e77f8980,0x00000000e7800000)
  to   space 23040K, 0% used [0x00000000e5200000,0x00000000e5200000,0x00000000e6880000)
 ParOldGen       total 42496K, used 30403K [0x0000000080000000, 0x0000000082980000, 0x00000000d5580000)
  object space 42496K, 71% used [0x0000000080000000,0x0000000081db0f78,0x0000000082980000)
 Metaspace       used 56705K, capacity 59032K, committed 59160K, reserved 1099776K
  class space    used 7759K, capacity 8230K, committed 8240K, reserved 1048576K

