# JRE version: OpenJDK Runtime Environment (8.0_242) (build 1.8.0_242-release-1644-b3-6222593)
# Java VM: OpenJDK 64-Bit Server VM (25.242-b3-6222593 mixed mode linux-amd64 compressed oops)
Heap:
 PSYoungGen      total 404992K, used 26613K [0x00000000d5580000, 0x00000000f0600000, 0x0000000100000000)
  eden space 378368K, 0% used [0x00000000d5580000,0x00000000d5580000,0x00000000ec700000)
  from space 26624K, 99% used [0x00000000ed200000,0x00000000eebfd5e8,0x00000000eec00000)
  to   space 22016K, 0% used [0x00000000ef080000,0x00000000ef080000,0x00000000f0600000)
 ParOldGen       total 72192K, used 71705K [0x0000000080000000, 0x0000000084680000, 0x00000000d5580000)
  object space 72192K, 99% used [0x0000000080000000,0x0000000084606420,0x0000000084680000)
 Metaspace       used 72651K, capacity 76518K, committed 76696K, reserved 1116160K
  class space    used 10112K, capacity 10867K, committed 10928K, reserved 1048576K
GC Heap History (10 events):
Event: 6.811 GC heap after
Heap after GC invocations=13 (full 2):
 PSYoungGen      total 200704K, used 12782K [0x00000000d5580000, 0x00000000e7e80000, 0x0000000100000000)
  eden space 187904K, 0% used [0x00000000d5580000,0x00000000d5580000,0x00000000e0d00000)
  from space 12800K, 99% used [0x00000000e0d00000,0x00000000e197b8e0,0x00000000e1980000)
  to   space 15872K, 0% used [0x00000000e6f00000,0x00000000e6f00000,0x00000000e7e80000)
 ParOldGen       total 41472K, used 17894K [0x0000000080000000, 0x0000000082880000, 0x00000000d5580000)
  object space 41472K, 43% used [0x0000000080000000,0x00000000811799b0,0x0000000082880000)
 Metaspace       used 45302K, capacity 47026K, committed 47272K, reserved 1089536K
  class space    used 6124K, capacity 6505K, committed 6576K, reserved 1048576K
}
Event: 9.149 GC heap before
{Heap before GC invocations=14 (full 2):
 PSYoungGen      total 200704K, used 200686K [0x00000000d5580000, 0x00000000e7e80000, 0x0000000100000000)
  eden space 187904K, 100% used [0x00000000d5580000,0x00000000e0d00000,0x00000000e0d00000)
  from space 12800K, 99% used [0x00000000e0d00000,0x00000000e197b8e0,0x00000000e1980000)
  to   space 15872K, 0% used [0x00000000e6f00000,0x00000000e6f00000,0x00000000e7e80000)
 ParOldGen       total 41472K, used 17894K [0x0000000080000000, 0x0000000082880000, 0x00000000d5580000)
  object space 41472K, 43% used [0x0000000080000000,0x00000000811799b0,0x0000000082880000)
 Metaspace       used 56602K, capacity 58970K, committed 59160K, reserved 1099776K
  class space    used 7747K, capacity 8227K, committed 8240K, reserved 1048576K
Event: 9.206 GC heap after
Heap after GC invocations=14 (full 2):
 PSYoungGen      total 281088K, used 15868K [0x00000000d5580000, 0x00000000e8880000, 0x0000000100000000)
  eden space 265216K, 0% used [0x00000000d5580000,0x00000000d5580000,0x00000000e5880000)
  from space 15872K, 99% used [0x00000000e6f00000,0x00000000e7e7f278,0x00000000e7e80000)
  to   space 23040K, 0% used [0x00000000e5880000,0x00000000e5880000,0x00000000e6f00000)
 ParOldGen       total 41472K, used 30599K [0x0000000080000000, 0x0000000082880000, 0x00000000d5580000)
  object space 41472K, 73% used [0x0000000080000000,0x0000000081de1f90,0x0000000082880000)
 Metaspace       used 56602K, capacity 58970K, committed 59160K, reserved 1099776K
  class space    used 7747K, capacity 8227K, committed 8240K, reserved 1048576K
}
Event: 9.258 GC heap before
{Heap before GC invocations=15 (full 2):
 PSYoungGen      total 281088K, used 20904K [0x00000000d5580000, 0x00000000e8880000, 0x0000000100000000)
  eden space 265216K, 1% used [0x00000000d5580000,0x00000000d5a6b0d0,0x00000000e5880000)
  from space 15872K, 99% used [0x00000000e6f00000,0x00000000e7e7f278,0x00000000e7e80000)
  to   space 23040K, 0% used [0x00000000e5880000,0x00000000e5880000,0x00000000e6f00000)
 ParOldGen       total 41472K, used 30599K [0x0000000080000000, 0x0000000082880000, 0x00000000d5580000)
  object space 41472K, 73% used [0x0000000080000000,0x0000000081de1f90,0x0000000082880000)
 Metaspace       used 56705K, capacity 59114K, committed 59160K, reserved 1099776K
  class space    used 7763K, capacity 8233K, committed 8240K, reserved 1048576K
Event: 9.288 GC heap after
Heap after GC invocations=15 (full 2):
 PSYoungGen      total 288256K, used 224K [0x00000000d5580000, 0x00000000f0700000, 0x0000000100000000)
  eden space 265216K, 0% used [0x00000000d5580000,0x00000000d5580000,0x00000000e5880000)
  from space 23040K, 0% used [0x00000000e5880000,0x00000000e58b8000,0x00000000e6f00000)
  to   space 23040K, 0% used [0x00000000ef080000,0x00000000ef080000,0x00000000f0700000)
 ParOldGen       total 45056K, used 43613K [0x0000000080000000, 0x0000000082c00000, 0x00000000d5580000)
  object space 45056K, 96% used [0x0000000080000000,0x0000000082a975f0,0x0000000082c00000)
 Metaspace       used 56705K, capacity 59114K, committed 59160K, reserved 1099776K
  class space    used 7763K, capacity 8233K, committed 8240K, reserved 1048576K
}
Event: 9.288 GC heap before
{Heap before GC invocations=16 (full 3):
 PSYoungGen      total 288256K, used 224K [0x00000000d5580000, 0x00000000f0700000, 0x0000000100000000)
  eden space 265216K, 0% used [0x00000000d5580000,0x00000000d5580000,0x00000000e5880000)
  from space 23040K, 0% used [0x00000000e5880000,0x00000000e58b8000,0x00000000e6f00000)
  to   space 23040K, 0% used [0x00000000ef080000,0x00000000ef080000,0x00000000f0700000)
 ParOldGen       total 45056K, used 43613K [0x0000000080000000, 0x0000000082c00000, 0x00000000d5580000)
  object space 45056K, 96% used [0x0000000080000000,0x0000000082a975f0,0x0000000082c00000)
 Metaspace       used 56705K, capacity 59114K, committed 59160K, reserved 1099776K
  class space    used 7763K, capacity 8233K, committed 8240K, reserved 1048576K
Event: 9.690 GC heap after
Heap after GC invocations=16 (full 3):
 PSYoungGen      total 288256K, used 0K [0x00000000d5580000, 0x00000000f0700000, 0x0000000100000000)
  eden space 265216K, 0% used [0x00000000d5580000,0x00000000d5580000,0x00000000e5880000)
  from space 23040K, 0% used [0x00000000e5880000,0x00000000e5880000,0x00000000e6f00000)
  to   space 23040K, 0% used [0x00000000ef080000,0x00000000ef080000,0x00000000f0700000)
 ParOldGen       total 70144K, used 32652K [0x0000000080000000, 0x0000000084480000, 0x00000000d5580000)
  object space 70144K, 46% used [0x0000000080000000,0x0000000081fe32a0,0x0000000084480000)
 Metaspace       used 56700K, capacity 59096K, committed 59160K, reserved 1099776K
  class space    used 7761K, capacity 8230K, committed 8240K, reserved 1048576K
}
Event: 14.144 GC heap before
{Heap before GC invocations=17 (full 3):
 PSYoungGen      total 288256K, used 265216K [0x00000000d5580000, 0x00000000f0700000, 0x0000000100000000)
  eden space 265216K, 100% used [0x00000000d5580000,0x00000000e5880000,0x00000000e5880000)
  from space 23040K, 0% used [0x00000000e5880000,0x00000000e5880000,0x00000000e6f00000)
  to   space 23040K, 0% used [0x00000000ef080000,0x00000000ef080000,0x00000000f0700000)
 ParOldGen       total 70144K, used 32652K [0x0000000080000000, 0x0000000084480000, 0x00000000d5580000)
  object space 70144K, 46% used [0x0000000080000000,0x0000000081fe32a0,0x0000000084480000)
 Metaspace       used 64285K, capacity 67372K, committed 67608K, reserved 1107968K
  class space    used 8833K, capacity 9440K, committed 9520K, reserved 1048576K
Event: 14.185 GC heap after
Heap after GC invocations=17 (full 3):
 PSYoungGen      total 400384K, used 21828K [0x00000000d5580000, 0x00000000f0600000, 0x0000000100000000)
  eden space 378368K, 0% used [0x00000000d5580000,0x00000000d5580000,0x00000000ec700000)
  from space 22016K, 99% used [0x00000000ef080000,0x00000000f05d1270,0x00000000f0600000)
  to   space 26624K, 0% used [0x00000000ed200000,0x00000000ed200000,0x00000000eec00000)
 ParOldGen       total 70144K, used 32660K [0x0000000080000000, 0x0000000084480000, 0x00000000d5580000)
  object space 70144K, 46% used [0x0000000080000000,0x0000000081fe52a0,0x0000000084480000)
 Metaspace       used 64285K, capacity 67372K, committed 67608K, reserved 1107968K
  class space    used 8833K, capacity 9440K, committed 9520K, reserved 1048576K
}
Event: 16.990 GC heap before
{Heap before GC invocations=18 (full 3):
 PSYoungGen      total 400384K, used 400196K [0x00000000d5580000, 0x00000000f0600000, 0x0000000100000000)
  eden space 378368K, 100% used [0x00000000d5580000,0x00000000ec700000,0x00000000ec700000)
  from space 22016K, 99% used [0x00000000ef080000,0x00000000f05d1270,0x00000000f0600000)
  to   space 26624K, 0% used [0x00000000ed200000,0x00000000ed200000,0x00000000eec00000)
 ParOldGen       total 70144K, used 32660K [0x0000000080000000, 0x0000000084480000, 0x00000000d5580000)
  object space 70144K, 46% used [0x0000000080000000,0x0000000081fe52a0,0x0000000084480000)
 Metaspace       used 72651K, capacity 76518K, committed 76696K, reserved 1116160K
  class space    used 10112K, capacity 10867K, committed 10928K, reserved 1048576K

