# JRE version: OpenJDK Runtime Environment (8.0_242) (build 1.8.0_242-release-1644-b3-6222593)
# Java VM: OpenJDK 64-Bit Server VM (25.242-b3-6222593 mixed mode linux-amd64 compressed oops)
Heap:
 PSYoungGen      total 221184K, used 19957K [0x00000000d5580000, 0x00000000e4400000, 0x0000000100000000)
  eden space 201216K, 0% used [0x00000000d5580000,0x00000000d5580000,0x00000000e1a00000)
  from space 19968K, 99% used [0x00000000e1d00000,0x00000000e307d540,0x00000000e3080000)
  to   space 15360K, 0% used [0x00000000e3500000,0x00000000e3500000,0x00000000e4400000)
 ParOldGen       total 90624K, used 40142K [0x0000000080000000, 0x0000000085880000, 0x00000000d5580000)
  object space 90624K, 44% used [0x0000000080000000,0x0000000082733968,0x0000000085880000)
 Metaspace       used 68658K, capacity 71870K, committed 71960K, reserved 1112064K
  class space    used 9371K, capacity 9991K, committed 10032K, reserved 1048576K
GC Heap History (10 events):
Event: 5.765 GC heap after
Heap after GC invocations=13 (full 2):
 PSYoungGen      total 132608K, used 8910K [0x00000000d5580000, 0x00000000e0f80000, 0x0000000100000000)
  eden space 120320K, 0% used [0x00000000d5580000,0x00000000d5580000,0x00000000dcb00000)
  from space 12288K, 72% used [0x00000000dcb00000,0x00000000dd3b3a70,0x00000000dd700000)
  to   space 12800K, 0% used [0x00000000e0300000,0x00000000e0300000,0x00000000e0f80000)
 ParOldGen       total 50176K, used 13650K [0x0000000080000000, 0x0000000083100000, 0x00000000d5580000)
  object space 50176K, 27% used [0x0000000080000000,0x0000000080d54ba8,0x0000000083100000)
 Metaspace       used 38308K, capacity 39994K, committed 40232K, reserved 1083392K
  class space    used 5273K, capacity 5637K, committed 5680K, reserved 1048576K
}
Event: 7.862 GC heap before
{Heap before GC invocations=14 (full 2):
 PSYoungGen      total 132608K, used 129230K [0x00000000d5580000, 0x00000000e0f80000, 0x0000000100000000)
  eden space 120320K, 100% used [0x00000000d5580000,0x00000000dcb00000,0x00000000dcb00000)
  from space 12288K, 72% used [0x00000000dcb00000,0x00000000dd3b3a70,0x00000000dd700000)
  to   space 12800K, 0% used [0x00000000e0300000,0x00000000e0300000,0x00000000e0f80000)
 ParOldGen       total 50176K, used 13650K [0x0000000080000000, 0x0000000083100000, 0x00000000d5580000)
  object space 50176K, 27% used [0x0000000080000000,0x0000000080d54ba8,0x0000000083100000)
 Metaspace       used 50696K, capacity 52548K, committed 52776K, reserved 1095680K
  class space    used 6777K, capacity 7169K, committed 7216K, reserved 1048576K
Event: 7.891 GC heap after
Heap after GC invocations=14 (full 2):
 PSYoungGen      total 173056K, used 12780K [0x00000000d5580000, 0x00000000e1500000, 0x0000000100000000)
  eden space 160256K, 0% used [0x00000000d5580000,0x00000000d5580000,0x00000000df200000)
  from space 12800K, 99% used [0x00000000e0300000,0x00000000e0f7b310,0x00000000e0f80000)
  to   space 17408K, 0% used [0x00000000df200000,0x00000000df200000,0x00000000e0300000)
 ParOldGen       total 50176K, used 21237K [0x0000000080000000, 0x0000000083100000, 0x00000000d5580000)
  object space 50176K, 42% used [0x0000000080000000,0x00000000814bd538,0x0000000083100000)
 Metaspace       used 50696K, capacity 52548K, committed 52776K, reserved 1095680K
  class space    used 6777K, capacity 7169K, committed 7216K, reserved 1048576K
}
Event: 11.146 GC heap before
{Heap before GC invocations=15 (full 2):
 PSYoungGen      total 173056K, used 134523K [0x00000000d5580000, 0x00000000e1500000, 0x0000000100000000)
  eden space 160256K, 75% used [0x00000000d5580000,0x00000000dcc63968,0x00000000df200000)
  from space 12800K, 99% used [0x00000000e0300000,0x00000000e0f7b310,0x00000000e0f80000)
  to   space 17408K, 0% used [0x00000000df200000,0x00000000df200000,0x00000000e0300000)
 ParOldGen       total 50176K, used 21237K [0x0000000080000000, 0x0000000083100000, 0x00000000d5580000)
  object space 50176K, 42% used [0x0000000080000000,0x00000000814bd538,0x0000000083100000)
 Metaspace       used 56740K, capacity 59122K, committed 59160K, reserved 1099776K
  class space    used 7765K, capacity 8237K, committed 8240K, reserved 1048576K
Event: 11.190 GC heap after
Heap after GC invocations=15 (full 2):
 PSYoungGen      total 177664K, used 12626K [0x00000000d5580000, 0x00000000e4700000, 0x0000000100000000)
  eden space 160256K, 0% used [0x00000000d5580000,0x00000000d5580000,0x00000000df200000)
  from space 17408K, 72% used [0x00000000df200000,0x00000000dfe54a88,0x00000000e0300000)
  to   space 18432K, 0% used [0x00000000e3500000,0x00000000e3500000,0x00000000e4700000)
 ParOldGen       total 50176K, used 33822K [0x0000000080000000, 0x0000000083100000, 0x00000000d5580000)
  object space 50176K, 67% used [0x0000000080000000,0x0000000082107940,0x0000000083100000)
 Metaspace       used 56740K, capacity 59122K, committed 59160K, reserved 1099776K
  class space    used 7765K, capacity 8237K, committed 8240K, reserved 1048576K
}
Event: 11.190 GC heap before
{Heap before GC invocations=16 (full 3):
 PSYoungGen      total 177664K, used 12626K [0x00000000d5580000, 0x00000000e4700000, 0x0000000100000000)
  eden space 160256K, 0% used [0x00000000d5580000,0x00000000d5580000,0x00000000df200000)
  from space 17408K, 72% used [0x00000000df200000,0x00000000dfe54a88,0x00000000e0300000)
  to   space 18432K, 0% used [0x00000000e3500000,0x00000000e3500000,0x00000000e4700000)
 ParOldGen       total 50176K, used 33822K [0x0000000080000000, 0x0000000083100000, 0x00000000d5580000)
  object space 50176K, 67% used [0x0000000080000000,0x0000000082107940,0x0000000083100000)
 Metaspace       used 56740K, capacity 59122K, committed 59160K, reserved 1099776K
  class space    used 7765K, capacity 8237K, committed 8240K, reserved 1048576K
Event: 11.534 GC heap after
Heap after GC invocations=16 (full 3):
 PSYoungGen      total 177664K, used 0K [0x00000000d5580000, 0x00000000e4700000, 0x0000000100000000)
  eden space 160256K, 0% used [0x00000000d5580000,0x00000000d5580000,0x00000000df200000)
  from space 17408K, 0% used [0x00000000df200000,0x00000000df200000,0x00000000e0300000)
  to   space 18432K, 0% used [0x00000000e3500000,0x00000000e3500000,0x00000000e4700000)
 ParOldGen       total 90624K, used 37046K [0x0000000080000000, 0x0000000085880000, 0x00000000d5580000)
  object space 90624K, 40% used [0x0000000080000000,0x000000008242dba0,0x0000000085880000)
 Metaspace       used 56727K, capacity 59080K, committed 59160K, reserved 1099776K
  class space    used 7761K, capacity 8230K, committed 8240K, reserved 1048576K
}
Event: 16.440 GC heap before
{Heap before GC invocations=17 (full 3):
 PSYoungGen      total 177664K, used 160256K [0x00000000d5580000, 0x00000000e4700000, 0x0000000100000000)
  eden space 160256K, 100% used [0x00000000d5580000,0x00000000df200000,0x00000000df200000)
  from space 17408K, 0% used [0x00000000df200000,0x00000000df200000,0x00000000e0300000)
  to   space 18432K, 0% used [0x00000000e3500000,0x00000000e3500000,0x00000000e4700000)
 ParOldGen       total 90624K, used 37046K [0x0000000080000000, 0x0000000085880000, 0x00000000d5580000)
  object space 90624K, 40% used [0x0000000080000000,0x000000008242dba0,0x0000000085880000)
 Metaspace       used 63468K, capacity 66380K, committed 66456K, reserved 1105920K
  class space    used 8765K, capacity 9342K, committed 9392K, reserved 1048576K
Event: 16.476 GC heap after
Heap after GC invocations=17 (full 3):
 PSYoungGen      total 216576K, used 15002K [0x00000000d5580000, 0x00000000e4400000, 0x0000000100000000)
  eden space 201216K, 0% used [0x00000000d5580000,0x00000000d5580000,0x00000000e1a00000)
  from space 15360K, 97% used [0x00000000e3500000,0x00000000e43a68d0,0x00000000e4400000)
  to   space 19968K, 0% used [0x00000000e1d00000,0x00000000e1d00000,0x00000000e3080000)
 ParOldGen       total 90624K, used 37054K [0x0000000080000000, 0x0000000085880000, 0x00000000d5580000)
  object space 90624K, 40% used [0x0000000080000000,0x000000008242fba0,0x0000000085880000)
 Metaspace       used 63468K, capacity 66380K, committed 66456K, reserved 1105920K
  class space    used 8765K, capacity 9342K, committed 9392K, reserved 1048576K
}
Event: 72.747 GC heap before
{Heap before GC invocations=18 (full 3):
 PSYoungGen      total 216576K, used 216218K [0x00000000d5580000, 0x00000000e4400000, 0x0000000100000000)
  eden space 201216K, 100% used [0x00000000d5580000,0x00000000e1a00000,0x00000000e1a00000)
  from space 15360K, 97% used [0x00000000e3500000,0x00000000e43a68d0,0x00000000e4400000)
  to   space 19968K, 0% used [0x00000000e1d00000,0x00000000e1d00000,0x00000000e3080000)
 ParOldGen       total 90624K, used 37054K [0x0000000080000000, 0x0000000085880000, 0x00000000d5580000)
  object space 90624K, 40% used [0x0000000080000000,0x000000008242fba0,0x0000000085880000)
 Metaspace       used 68658K, capacity 71870K, committed 71960K, reserved 1112064K
  class space    used 9371K, capacity 9991K, committed 10032K, reserved 1048576K

