# JRE version: OpenJDK Runtime Environment (8.0_242) (build 1.8.0_242-release-1644-b3-6222593)
# Java VM: OpenJDK 64-Bit Server VM (25.242-b3-6222593 mixed mode linux-amd64 compressed oops)
Heap:
 PSYoungGen      total 442880K, used 32235K [0x00000000d5580000, 0x00000000f2d00000, 0x0000000100000000)
  eden space 407040K, 0% used [0x00000000d5580000,0x00000000d5580000,0x00000000ee300000)
  from space 35840K, 89% used [0x00000000ee300000,0x00000000f027ac28,0x00000000f0600000)
  to   space 26112K, 0% used [0x00000000f0600000,0x00000000f0600000,0x00000000f1f80000)
 ParOldGen       total 137216K, used 77944K [0x0000000080000000, 0x0000000088600000, 0x00000000d5580000)
  object space 137216K, 56% used [0x0000000080000000,0x0000000084c1e240,0x0000000088600000)
 Metaspace       used 82823K, capacity 87174K, committed 87704K, reserved 1124352K
  class space    used 11287K, capacity 12072K, committed 12208K, reserved 1048576K
GC Heap History (10 events):
Event: 9.181 GC heap after
Heap after GC invocations=16 (full 3):
 PSYoungGen      total 266752K, used 0K [0x00000000d5580000, 0x00000000ec600000, 0x0000000100000000)
  eden space 244224K, 0% used [0x00000000d5580000,0x00000000d5580000,0x00000000e4400000)
  from space 22528K, 0% used [0x00000000e4400000,0x00000000e4400000,0x00000000e5a00000)
  to   space 22528K, 0% used [0x00000000eb000000,0x00000000eb000000,0x00000000ec600000)
 ParOldGen       total 76800K, used 33077K [0x0000000080000000, 0x0000000084b00000, 0x00000000d5580000)
  object space 76800K, 43% used [0x0000000080000000,0x000000008204d5e0,0x0000000084b00000)
 Metaspace       used 56734K, capacity 59094K, committed 59160K, reserved 1099776K
  class space    used 7759K, capacity 8229K, committed 8240K, reserved 1048576K
}
Event: 12.543 GC heap before
{Heap before GC invocations=17 (full 3):
 PSYoungGen      total 266752K, used 244224K [0x00000000d5580000, 0x00000000ec600000, 0x0000000100000000)
  eden space 244224K, 100% used [0x00000000d5580000,0x00000000e4400000,0x00000000e4400000)
  from space 22528K, 0% used [0x00000000e4400000,0x00000000e4400000,0x00000000e5a00000)
  to   space 22528K, 0% used [0x00000000eb000000,0x00000000eb000000,0x00000000ec600000)
 ParOldGen       total 76800K, used 33077K [0x0000000080000000, 0x0000000084b00000, 0x00000000d5580000)
  object space 76800K, 43% used [0x0000000080000000,0x000000008204d5e0,0x0000000084b00000)
 Metaspace       used 64345K, capacity 67364K, committed 67608K, reserved 1107968K
  class space    used 8815K, capacity 9416K, committed 9520K, reserved 1048576K
Event: 12.578 GC heap after
Heap after GC invocations=17 (full 3):
 PSYoungGen      total 342016K, used 19960K [0x00000000d5580000, 0x00000000ec380000, 0x0000000100000000)
  eden space 322048K, 0% used [0x00000000d5580000,0x00000000d5580000,0x00000000e9000000)
  from space 19968K, 99% used [0x00000000eb000000,0x00000000ec37e218,0x00000000ec380000)
  to   space 25600K, 0% used [0x00000000e9180000,0x00000000e9180000,0x00000000eaa80000)
 ParOldGen       total 76800K, used 33085K [0x0000000080000000, 0x0000000084b00000, 0x00000000d5580000)
  object space 76800K, 43% used [0x0000000080000000,0x000000008204f5e0,0x0000000084b00000)
 Metaspace       used 64345K, capacity 67364K, committed 67608K, reserved 1107968K
  class space    used 8815K, capacity 9416K, committed 9520K, reserved 1048576K
}
Event: 15.238 GC heap before
{Heap before GC invocations=18 (full 3):
 PSYoungGen      total 342016K, used 342008K [0x00000000d5580000, 0x00000000ec380000, 0x0000000100000000)
  eden space 322048K, 100% used [0x00000000d5580000,0x00000000e9000000,0x00000000e9000000)
  from space 19968K, 99% used [0x00000000eb000000,0x00000000ec37e218,0x00000000ec380000)
  to   space 25600K, 0% used [0x00000000e9180000,0x00000000e9180000,0x00000000eaa80000)
 ParOldGen       total 76800K, used 33085K [0x0000000080000000, 0x0000000084b00000, 0x00000000d5580000)
  object space 76800K, 43% used [0x0000000080000000,0x000000008204f5e0,0x0000000084b00000)
 Metaspace       used 65675K, capacity 68714K, committed 69016K, reserved 1107968K
  class space    used 8987K, capacity 9559K, committed 9648K, reserved 1048576K
Event: 15.286 GC heap after
Heap after GC invocations=18 (full 3):
 PSYoungGen      total 349184K, used 15505K [0x00000000d5580000, 0x00000000f1f80000, 0x0000000100000000)
  eden space 323584K, 0% used [0x00000000d5580000,0x00000000d5580000,0x00000000e9180000)
  from space 25600K, 60% used [0x00000000e9180000,0x00000000ea0a45d8,0x00000000eaa80000)
  to   space 26112K, 0% used [0x00000000f0600000,0x00000000f0600000,0x00000000f1f80000)
 ParOldGen       total 76800K, used 47850K [0x0000000080000000, 0x0000000084b00000, 0x00000000d5580000)
  object space 76800K, 62% used [0x0000000080000000,0x0000000082ebaba0,0x0000000084b00000)
 Metaspace       used 65675K, capacity 68714K, committed 69016K, reserved 1107968K
  class space    used 8987K, capacity 9559K, committed 9648K, reserved 1048576K
}
Event: 19.376 GC heap before
{Heap before GC invocations=19 (full 3):
 PSYoungGen      total 349184K, used 339089K [0x00000000d5580000, 0x00000000f1f80000, 0x0000000100000000)
  eden space 323584K, 100% used [0x00000000d5580000,0x00000000e9180000,0x00000000e9180000)
  from space 25600K, 60% used [0x00000000e9180000,0x00000000ea0a45d8,0x00000000eaa80000)
  to   space 26112K, 0% used [0x00000000f0600000,0x00000000f0600000,0x00000000f1f80000)
 ParOldGen       total 76800K, used 47850K [0x0000000080000000, 0x0000000084b00000, 0x00000000d5580000)
  object space 76800K, 62% used [0x0000000080000000,0x0000000082ebaba0,0x0000000084b00000)
 Metaspace       used 81915K, capacity 86578K, committed 86936K, reserved 1124352K
  class space    used 11247K, capacity 12088K, committed 12208K, reserved 1048576K
Event: 19.444 GC heap after
Heap after GC invocations=19 (full 3):
 PSYoungGen      total 433152K, used 26088K [0x00000000d5580000, 0x00000000f2d00000, 0x0000000100000000)
  eden space 407040K, 0% used [0x00000000d5580000,0x00000000d5580000,0x00000000ee300000)
  from space 26112K, 99% used [0x00000000f0600000,0x00000000f1f7a328,0x00000000f1f80000)
  to   space 35840K, 0% used [0x00000000ee300000,0x00000000ee300000,0x00000000f0600000)
 ParOldGen       total 76800K, used 62015K [0x0000000080000000, 0x0000000084b00000, 0x00000000d5580000)
  object space 76800K, 80% used [0x0000000080000000,0x0000000083c8fdd0,0x0000000084b00000)
 Metaspace       used 81915K, capacity 86578K, committed 86936K, reserved 1124352K
  class space    used 11247K, capacity 12088K, committed 12208K, reserved 1048576K
}
Event: 19.445 GC heap before
{Heap before GC invocations=20 (full 4):
 PSYoungGen      total 433152K, used 26088K [0x00000000d5580000, 0x00000000f2d00000, 0x0000000100000000)
  eden space 407040K, 0% used [0x00000000d5580000,0x00000000d5580000,0x00000000ee300000)
  from space 26112K, 99% used [0x00000000f0600000,0x00000000f1f7a328,0x00000000f1f80000)
  to   space 35840K, 0% used [0x00000000ee300000,0x00000000ee300000,0x00000000f0600000)
 ParOldGen       total 76800K, used 62015K [0x0000000080000000, 0x0000000084b00000, 0x00000000d5580000)
  object space 76800K, 80% used [0x0000000080000000,0x0000000083c8fdd0,0x0000000084b00000)
 Metaspace       used 81915K, capacity 86578K, committed 86936K, reserved 1124352K
  class space    used 11247K, capacity 12088K, committed 12208K, reserved 1048576K
Event: 20.037 GC heap after
Heap after GC invocations=20 (full 4):
 PSYoungGen      total 433152K, used 8963K [0x00000000d5580000, 0x00000000f2d00000, 0x0000000100000000)
  eden space 407040K, 0% used [0x00000000d5580000,0x00000000d5580000,0x00000000ee300000)
  from space 26112K, 34% used [0x00000000f0600000,0x00000000f0ec0c58,0x00000000f1f80000)
  to   space 35840K, 0% used [0x00000000ee300000,0x00000000ee300000,0x00000000f0600000)
 ParOldGen       total 137216K, used 76616K [0x0000000080000000, 0x0000000088600000, 0x00000000d5580000)
  object space 137216K, 55% used [0x0000000080000000,0x0000000084ad2240,0x0000000088600000)
 Metaspace       used 81666K, capacity 85964K, committed 86936K, reserved 1124352K
  class space    used 11160K, capacity 11933K, committed 12208K, reserved 1048576K
}
Event: 22.457 GC heap before
{Heap before GC invocations=21 (full 4):
 PSYoungGen      total 433152K, used 416003K [0x00000000d5580000, 0x00000000f2d00000, 0x0000000100000000)
  eden space 407040K, 100% used [0x00000000d5580000,0x00000000ee300000,0x00000000ee300000)
  from space 26112K, 34% used [0x00000000f0600000,0x00000000f0ec0c58,0x00000000f1f80000)
  to   space 35840K, 0% used [0x00000000ee300000,0x00000000ee300000,0x00000000f0600000)
 ParOldGen       total 137216K, used 76616K [0x0000000080000000, 0x0000000088600000, 0x00000000d5580000)
  object space 137216K, 55% used [0x0000000080000000,0x0000000084ad2240,0x0000000088600000)
 Metaspace       used 82823K, capacity 87174K, committed 87704K, reserved 1124352K
  class space    used 11287K, capacity 12072K, committed 12208K, reserved 1048576K

