# JRE version: OpenJDK Runtime Environment (8.0_242) (build 1.8.0_242-release-1644-b3-6222593)
# Java VM: OpenJDK 64-Bit Server VM (25.242-b3-6222593 mixed mode linux-amd64 compressed oops)
Heap:
 PSYoungGen      total 373760K, used 9114K [0x00000000d5580000, 0x00000000eef00000, 0x0000000100000000)
  eden space 343040K, 0% used [0x00000000d5580000,0x00000000d5580000,0x00000000ea480000)
  from space 30720K, 29% used [0x00000000ea480000,0x00000000ead66a58,0x00000000ec280000)
  to   space 32256K, 0% used [0x00000000ec280000,0x00000000ec280000,0x00000000ee200000)
 ParOldGen       total 84992K, used 57815K [0x0000000080000000, 0x0000000085300000, 0x00000000d5580000)
  object space 84992K, 68% used [0x0000000080000000,0x0000000083875df8,0x0000000085300000)
 Metaspace       used 81658K, capacity 85394K, committed 85720K, reserved 1124352K
  class space    used 10911K, capacity 11657K, committed 11776K, reserved 1048576K
GC Heap History (10 events):
Event: 10.427 GC heap after
Heap after GC invocations=15 (full 2):
 PSYoungGen      total 231936K, used 2801K [0x00000000d5580000, 0x00000000e9a00000, 0x0000000100000000)
  eden space 210944K, 0% used [0x00000000d5580000,0x00000000d5580000,0x00000000e2380000)
  from space 20992K, 13% used [0x00000000e2380000,0x00000000e263c630,0x00000000e3800000)
  to   space 20480K, 0% used [0x00000000e8600000,0x00000000e8600000,0x00000000e9a00000)
 ParOldGen       total 51712K, used 38067K [0x0000000080000000, 0x0000000083280000, 0x00000000d5580000)
  object space 51712K, 73% used [0x0000000080000000,0x000000008252cc68,0x0000000083280000)
 Metaspace       used 56574K, capacity 59048K, committed 59096K, reserved 1099776K
  class space    used 7447K, capacity 7928K, committed 7936K, reserved 1048576K
}
Event: 10.427 GC heap before
{Heap before GC invocations=16 (full 3):
 PSYoungGen      total 231936K, used 2801K [0x00000000d5580000, 0x00000000e9a00000, 0x0000000100000000)
  eden space 210944K, 0% used [0x00000000d5580000,0x00000000d5580000,0x00000000e2380000)
  from space 20992K, 13% used [0x00000000e2380000,0x00000000e263c630,0x00000000e3800000)
  to   space 20480K, 0% used [0x00000000e8600000,0x00000000e8600000,0x00000000e9a00000)
 ParOldGen       total 51712K, used 38067K [0x0000000080000000, 0x0000000083280000, 0x00000000d5580000)
  object space 51712K, 73% used [0x0000000080000000,0x000000008252cc68,0x0000000083280000)
 Metaspace       used 56574K, capacity 59048K, committed 59096K, reserved 1099776K
  class space    used 7447K, capacity 7928K, committed 7936K, reserved 1048576K
Event: 10.722 GC heap after
Heap after GC invocations=16 (full 3):
 PSYoungGen      total 231936K, used 0K [0x00000000d5580000, 0x00000000e9a00000, 0x0000000100000000)
  eden space 210944K, 0% used [0x00000000d5580000,0x00000000d5580000,0x00000000e2380000)
  from space 20992K, 0% used [0x00000000e2380000,0x00000000e2380000,0x00000000e3800000)
  to   space 20480K, 0% used [0x00000000e8600000,0x00000000e8600000,0x00000000e9a00000)
 ParOldGen       total 84992K, used 32291K [0x0000000080000000, 0x0000000085300000, 0x00000000d5580000)
  object space 84992K, 37% used [0x0000000080000000,0x0000000081f88dc0,0x0000000085300000)
 Metaspace       used 56481K, capacity 58808K, committed 59096K, reserved 1099776K
  class space    used 7422K, capacity 7898K, committed 7936K, reserved 1048576K
}
Event: 16.486 GC heap before
{Heap before GC invocations=17 (full 3):
 PSYoungGen      total 231936K, used 210944K [0x00000000d5580000, 0x00000000e9a00000, 0x0000000100000000)
  eden space 210944K, 100% used [0x00000000d5580000,0x00000000e2380000,0x00000000e2380000)
  from space 20992K, 0% used [0x00000000e2380000,0x00000000e2380000,0x00000000e3800000)
  to   space 20480K, 0% used [0x00000000e8600000,0x00000000e8600000,0x00000000e9a00000)
 ParOldGen       total 84992K, used 32291K [0x0000000080000000, 0x0000000085300000, 0x00000000d5580000)
  object space 84992K, 37% used [0x0000000080000000,0x0000000081f88dc0,0x0000000085300000)
 Metaspace       used 68274K, capacity 71150K, committed 71384K, reserved 1110016K
  class space    used 9291K, capacity 9861K, committed 9984K, reserved 1048576K
Event: 16.510 GC heap after
Heap after GC invocations=17 (full 3):
 PSYoungGen      total 292352K, used 19213K [0x00000000d5580000, 0x00000000e9900000, 0x0000000100000000)
  eden space 272896K, 0% used [0x00000000d5580000,0x00000000d5580000,0x00000000e6000000)
  from space 19456K, 98% used [0x00000000e8600000,0x00000000e98c3700,0x00000000e9900000)
  to   space 23552K, 0% used [0x00000000e6b00000,0x00000000e6b00000,0x00000000e8200000)
 ParOldGen       total 84992K, used 32299K [0x0000000080000000, 0x0000000085300000, 0x00000000d5580000)
  object space 84992K, 38% used [0x0000000080000000,0x0000000081f8adc0,0x0000000085300000)
 Metaspace       used 68274K, capacity 71150K, committed 71384K, reserved 1110016K
  class space    used 9291K, capacity 9861K, committed 9984K, reserved 1048576K
}
Event: 40.631 GC heap before
{Heap before GC invocations=18 (full 3):
 PSYoungGen      total 292352K, used 292109K [0x00000000d5580000, 0x00000000e9900000, 0x0000000100000000)
  eden space 272896K, 100% used [0x00000000d5580000,0x00000000e6000000,0x00000000e6000000)
  from space 19456K, 98% used [0x00000000e8600000,0x00000000e98c3700,0x00000000e9900000)
  to   space 23552K, 0% used [0x00000000e6b00000,0x00000000e6b00000,0x00000000e8200000)
 ParOldGen       total 84992K, used 32299K [0x0000000080000000, 0x0000000085300000, 0x00000000d5580000)
  object space 84992K, 38% used [0x0000000080000000,0x0000000081f8adc0,0x0000000085300000)
 Metaspace       used 80690K, capacity 84360K, committed 84568K, reserved 1122304K
  class space    used 10838K, capacity 11600K, committed 11648K, reserved 1048576K
Event: 40.674 GC heap after
Heap after GC invocations=18 (full 3):
 PSYoungGen      total 307712K, used 23533K [0x00000000d5580000, 0x00000000ee200000, 0x0000000100000000)
  eden space 284160K, 0% used [0x00000000d5580000,0x00000000d5580000,0x00000000e6b00000)
  from space 23552K, 99% used [0x00000000e6b00000,0x00000000e81fb628,0x00000000e8200000)
  to   space 32256K, 0% used [0x00000000ec280000,0x00000000ec280000,0x00000000ee200000)
 ParOldGen       total 84992K, used 44550K [0x0000000080000000, 0x0000000085300000, 0x00000000d5580000)
  object space 84992K, 52% used [0x0000000080000000,0x0000000082b81ab8,0x0000000085300000)
 Metaspace       used 80690K, capacity 84360K, committed 84568K, reserved 1122304K
  class space    used 10838K, capacity 11600K, committed 11648K, reserved 1048576K
}
Event: 41.849 GC heap before
{Heap before GC invocations=19 (full 3):
 PSYoungGen      total 307712K, used 307693K [0x00000000d5580000, 0x00000000ee200000, 0x0000000100000000)
  eden space 284160K, 100% used [0x00000000d5580000,0x00000000e6b00000,0x00000000e6b00000)
  from space 23552K, 99% used [0x00000000e6b00000,0x00000000e81fb628,0x00000000e8200000)
  to   space 32256K, 0% used [0x00000000ec280000,0x00000000ec280000,0x00000000ee200000)
 ParOldGen       total 84992K, used 44550K [0x0000000080000000, 0x0000000085300000, 0x00000000d5580000)
  object space 84992K, 52% used [0x0000000080000000,0x0000000082b81ab8,0x0000000085300000)
 Metaspace       used 81291K, capacity 84948K, committed 85080K, reserved 1122304K
  class space    used 10887K, capacity 11614K, committed 11648K, reserved 1048576K
Event: 41.889 GC heap after
Heap after GC invocations=19 (full 3):
 PSYoungGen      total 375296K, used 8091K [0x00000000d5580000, 0x00000000eef00000, 0x0000000100000000)
  eden space 343040K, 0% used [0x00000000d5580000,0x00000000d5580000,0x00000000ea480000)
  from space 32256K, 25% used [0x00000000ec280000,0x00000000eca66db0,0x00000000ee200000)
  to   space 30720K, 0% used [0x00000000ea480000,0x00000000ea480000,0x00000000ec280000)
 ParOldGen       total 84992K, used 57807K [0x0000000080000000, 0x0000000085300000, 0x00000000d5580000)
  object space 84992K, 68% used [0x0000000080000000,0x0000000083873df8,0x0000000085300000)
 Metaspace       used 81291K, capacity 84948K, committed 85080K, reserved 1122304K
  class space    used 10887K, capacity 11614K, committed 11648K, reserved 1048576K
}
Event: 45.313 GC heap before
{Heap before GC invocations=20 (full 3):
 PSYoungGen      total 375296K, used 351131K [0x00000000d5580000, 0x00000000eef00000, 0x0000000100000000)
  eden space 343040K, 100% used [0x00000000d5580000,0x00000000ea480000,0x00000000ea480000)
  from space 32256K, 25% used [0x00000000ec280000,0x00000000eca66db0,0x00000000ee200000)
  to   space 30720K, 0% used [0x00000000ea480000,0x00000000ea480000,0x00000000ec280000)
 ParOldGen       total 84992K, used 57807K [0x0000000080000000, 0x0000000085300000, 0x00000000d5580000)
  object space 84992K, 68% used [0x0000000080000000,0x0000000083873df8,0x0000000085300000)
 Metaspace       used 81658K, capacity 85394K, committed 85720K, reserved 1124352K
  class space    used 10911K, capacity 11657K, committed 11776K, reserved 1048576K

