# JRE version: OpenJDK Runtime Environment (8.0_242) (build 1.8.0_242-release-1644-b3-6222593)
# Java VM: OpenJDK 64-Bit Server VM (25.242-b3-6222593 mixed mode linux-amd64 compressed oops)
Heap:
 PSYoungGen      total 305152K, used 33003K [0x00000000d5580000, 0x00000000eac80000, 0x0000000100000000)
  eden space 269824K, 0% used [0x00000000d5580000,0x00000000d5580000,0x00000000e5d00000)
  from space 35328K, 93% used [0x00000000e5d00000,0x00000000e7d3af18,0x00000000e7f80000)
  to   space 22528K, 0% used [0x00000000e7f80000,0x00000000e7f80000,0x00000000e9580000)
 ParOldGen       total 80896K, used 80552K [0x0000000080000000, 0x0000000084f00000, 0x00000000d5580000)
  object space 80896K, 99% used [0x0000000080000000,0x0000000084eaa398,0x0000000084f00000)
 Metaspace       used 79383K, capacity 83630K, committed 83992K, reserved 1122304K
  class space    used 10968K, capacity 11762K, committed 11824K, reserved 1048576K
GC Heap History (10 events):
Event: 27.736 GC heap after
Heap after GC invocations=13 (full 2):
 PSYoungGen      total 177152K, used 13795K [0x00000000d5580000, 0x00000000e5000000, 0x0000000100000000)
  eden space 163328K, 0% used [0x00000000d5580000,0x00000000d5580000,0x00000000df500000)
  from space 13824K, 99% used [0x00000000df500000,0x00000000e0278c80,0x00000000e0280000)
  to   space 20480K, 0% used [0x00000000e3c00000,0x00000000e3c00000,0x00000000e5000000)
 ParOldGen       total 47616K, used 30474K [0x0000000080000000, 0x0000000082e80000, 0x00000000d5580000)
  object space 47616K, 64% used [0x0000000080000000,0x0000000081dc29c8,0x0000000082e80000)
 Metaspace       used 54853K, capacity 57094K, committed 57384K, reserved 1099776K
  class space    used 7469K, capacity 7915K, committed 7984K, reserved 1048576K
}
Event: 28.525 GC heap before
{Heap before GC invocations=14 (full 2):
 PSYoungGen      total 177152K, used 73429K [0x00000000d5580000, 0x00000000e5000000, 0x0000000100000000)
  eden space 163328K, 36% used [0x00000000d5580000,0x00000000d8fbca10,0x00000000df500000)
  from space 13824K, 99% used [0x00000000df500000,0x00000000e0278c80,0x00000000e0280000)
  to   space 20480K, 0% used [0x00000000e3c00000,0x00000000e3c00000,0x00000000e5000000)
 ParOldGen       total 47616K, used 30474K [0x0000000080000000, 0x0000000082e80000, 0x00000000d5580000)
  object space 47616K, 64% used [0x0000000080000000,0x0000000081dc29c8,0x0000000082e80000)
 Metaspace       used 56751K, capacity 59090K, committed 59160K, reserved 1099776K
  class space    used 7770K, capacity 8233K, committed 8240K, reserved 1048576K
Event: 28.564 GC heap after
Heap after GC invocations=14 (full 2):
 PSYoungGen      total 236544K, used 5114K [0x00000000d5580000, 0x00000000e5880000, 0x0000000100000000)
  eden space 216064K, 0% used [0x00000000d5580000,0x00000000d5580000,0x00000000e2880000)
  from space 20480K, 24% used [0x00000000e3c00000,0x00000000e40fe8b0,0x00000000e5000000)
  to   space 19968K, 0% used [0x00000000e2880000,0x00000000e2880000,0x00000000e3c00000)
 ParOldGen       total 47616K, used 41419K [0x0000000080000000, 0x0000000082e80000, 0x00000000d5580000)
  object space 47616K, 86% used [0x0000000080000000,0x0000000082872f60,0x0000000082e80000)
 Metaspace       used 56751K, capacity 59090K, committed 59160K, reserved 1099776K
  class space    used 7770K, capacity 8233K, committed 8240K, reserved 1048576K
}
Event: 28.564 GC heap before
{Heap before GC invocations=15 (full 3):
 PSYoungGen      total 236544K, used 5114K [0x00000000d5580000, 0x00000000e5880000, 0x0000000100000000)
  eden space 216064K, 0% used [0x00000000d5580000,0x00000000d5580000,0x00000000e2880000)
  from space 20480K, 24% used [0x00000000e3c00000,0x00000000e40fe8b0,0x00000000e5000000)
  to   space 19968K, 0% used [0x00000000e2880000,0x00000000e2880000,0x00000000e3c00000)
 ParOldGen       total 47616K, used 41419K [0x0000000080000000, 0x0000000082e80000, 0x00000000d5580000)
  object space 47616K, 86% used [0x0000000080000000,0x0000000082872f60,0x0000000082e80000)
 Metaspace       used 56751K, capacity 59090K, committed 59160K, reserved 1099776K
  class space    used 7770K, capacity 8233K, committed 8240K, reserved 1048576K
Event: 28.792 GC heap after
Heap after GC invocations=15 (full 3):
 PSYoungGen      total 236544K, used 0K [0x00000000d5580000, 0x00000000e5880000, 0x0000000100000000)
  eden space 216064K, 0% used [0x00000000d5580000,0x00000000d5580000,0x00000000e2880000)
  from space 20480K, 0% used [0x00000000e3c00000,0x00000000e3c00000,0x00000000e5000000)
  to   space 19968K, 0% used [0x00000000e2880000,0x00000000e2880000,0x00000000e3c00000)
 ParOldGen       total 77824K, used 33879K [0x0000000080000000, 0x0000000084c00000, 0x00000000d5580000)
  object space 77824K, 43% used [0x0000000080000000,0x0000000082115e30,0x0000000084c00000)
 Metaspace       used 56733K, capacity 59030K, committed 59160K, reserved 1099776K
  class space    used 7764K, capacity 8223K, committed 8240K, reserved 1048576K
}
Event: 33.822 GC heap before
{Heap before GC invocations=16 (full 3):
 PSYoungGen      total 236544K, used 216064K [0x00000000d5580000, 0x00000000e5880000, 0x0000000100000000)
  eden space 216064K, 100% used [0x00000000d5580000,0x00000000e2880000,0x00000000e2880000)
  from space 20480K, 0% used [0x00000000e3c00000,0x00000000e3c00000,0x00000000e5000000)
  to   space 19968K, 0% used [0x00000000e2880000,0x00000000e2880000,0x00000000e3c00000)
 ParOldGen       total 77824K, used 33879K [0x0000000080000000, 0x0000000084c00000, 0x00000000d5580000)
  object space 77824K, 43% used [0x0000000080000000,0x0000000082115e30,0x0000000084c00000)
 Metaspace       used 63914K, capacity 66874K, committed 66968K, reserved 1107968K
  class space    used 8786K, capacity 9383K, committed 9392K, reserved 1048576K
Event: 33.856 GC heap after
Heap after GC invocations=16 (full 3):
 PSYoungGen      total 236032K, used 18980K [0x00000000d5580000, 0x00000000e9580000, 0x0000000100000000)
  eden space 216064K, 0% used [0x00000000d5580000,0x00000000d5580000,0x00000000e2880000)
  from space 19968K, 95% used [0x00000000e2880000,0x00000000e3b09230,0x00000000e3c00000)
  to   space 22528K, 0% used [0x00000000e7f80000,0x00000000e7f80000,0x00000000e9580000)
 ParOldGen       total 77824K, used 33887K [0x0000000080000000, 0x0000000084c00000, 0x00000000d5580000)
  object space 77824K, 43% used [0x0000000080000000,0x0000000082117e30,0x0000000084c00000)
 Metaspace       used 63914K, capacity 66874K, committed 66968K, reserved 1107968K
  class space    used 8786K, capacity 9383K, committed 9392K, reserved 1048576K
}
Event: 40.399 GC heap before
{Heap before GC invocations=17 (full 3):
 PSYoungGen      total 236032K, used 235044K [0x00000000d5580000, 0x00000000e9580000, 0x0000000100000000)
  eden space 216064K, 100% used [0x00000000d5580000,0x00000000e2880000,0x00000000e2880000)
  from space 19968K, 95% used [0x00000000e2880000,0x00000000e3b09230,0x00000000e3c00000)
  to   space 22528K, 0% used [0x00000000e7f80000,0x00000000e7f80000,0x00000000e9580000)
 ParOldGen       total 77824K, used 33887K [0x0000000080000000, 0x0000000084c00000, 0x00000000d5580000)
  object space 77824K, 43% used [0x0000000080000000,0x0000000082117e30,0x0000000084c00000)
 Metaspace       used 71452K, capacity 74776K, committed 74904K, reserved 1114112K
  class space    used 9767K, capacity 10391K, committed 10416K, reserved 1048576K
Event: 40.500 GC heap after
Heap after GC invocations=17 (full 3):
 PSYoungGen      total 292352K, used 22526K [0x00000000d5580000, 0x00000000eac80000, 0x0000000100000000)
  eden space 269824K, 0% used [0x00000000d5580000,0x00000000d5580000,0x00000000e5d00000)
  from space 22528K, 99% used [0x00000000e7f80000,0x00000000e957fb28,0x00000000e9580000)
  to   space 35328K, 0% used [0x00000000e5d00000,0x00000000e5d00000,0x00000000e7f80000)
 ParOldGen       total 77824K, used 58822K [0x0000000080000000, 0x0000000084c00000, 0x00000000d5580000)
  object space 77824K, 75% used [0x0000000080000000,0x0000000083971930,0x0000000084c00000)
 Metaspace       used 71452K, capacity 74776K, committed 74904K, reserved 1114112K
  class space    used 9767K, capacity 10391K, committed 10416K, reserved 1048576K
}
Event: 45.541 GC heap before
{Heap before GC invocations=18 (full 3):
 PSYoungGen      total 292352K, used 292350K [0x00000000d5580000, 0x00000000eac80000, 0x0000000100000000)
  eden space 269824K, 100% used [0x00000000d5580000,0x00000000e5d00000,0x00000000e5d00000)
  from space 22528K, 99% used [0x00000000e7f80000,0x00000000e957fb28,0x00000000e9580000)
  to   space 35328K, 0% used [0x00000000e5d00000,0x00000000e5d00000,0x00000000e7f80000)
 ParOldGen       total 77824K, used 58822K [0x0000000080000000, 0x0000000084c00000, 0x00000000d5580000)
  object space 77824K, 75% used [0x0000000080000000,0x0000000083971930,0x0000000084c00000)
 Metaspace       used 79383K, capacity 83630K, committed 83992K, reserved 1122304K
  class space    used 10968K, capacity 11762K, committed 11824K, reserved 1048576K

