# JRE version: OpenJDK Runtime Environment (11.0.8) (build 11.0.8+0-b944-P17168821)
# Java VM: OpenJDK 64-Bit Server VM (11.0.8+0-b944-6842174, mixed mode, tiered, compressed oops, g1 gc, linux-amd64)
Heap:
 garbage-first heap   total 421888K, used 91755K [0x0000000080000000, 0x0000000100000000)
  region size 1024K, 4 young (4096K), 4 survivors (4096K)
 Metaspace       used 85411K, capacity 87683K, committed 87836K, reserved 1126400K
  class space    used 11083K, capacity 11857K, committed 11884K, reserved 1048576K
GC Heap History (20 events):
Event: 9.312 GC heap after
{Heap after GC invocations=24 (full 0):
 garbage-first heap   total 133120K, used 63464K [0x0000000080000000, 0x0000000100000000)
  region size 1024K, 3 young (3072K), 3 survivors (3072K)
 Metaspace       used 65725K, capacity 67576K, committed 67868K, reserved 1107968K
  class space    used 8444K, capacity 9042K, committed 9068K, reserved 1048576K
}
Event: 9.596 GC heap before
{Heap before GC invocations=24 (full 0):
 garbage-first heap   total 133120K, used 100328K [0x0000000080000000, 0x0000000100000000)
  region size 1024K, 39 young (39936K), 3 survivors (3072K)
 Metaspace       used 66797K, capacity 68656K, committed 68892K, reserved 1110016K
  class space    used 8612K, capacity 9212K, committed 9324K, reserved 1048576K
}
Event: 9.621 GC heap after
{Heap after GC invocations=25 (full 0):
 garbage-first heap   total 133120K, used 67053K [0x0000000080000000, 0x0000000100000000)
  region size 1024K, 4 young (4096K), 4 survivors (4096K)
 Metaspace       used 66797K, capacity 68656K, committed 68892K, reserved 1110016K
  class space    used 8612K, capacity 9212K, committed 9324K, reserved 1048576K
}
Event: 10.369 GC heap before
{Heap before GC invocations=26 (full 0):
 garbage-first heap   total 133120K, used 102893K [0x0000000080000000, 0x0000000100000000)
  region size 1024K, 39 young (39936K), 4 survivors (4096K)
 Metaspace       used 69476K, capacity 71441K, committed 71836K, reserved 1112064K
  class space    used 8991K, capacity 9642K, committed 9708K, reserved 1048576K
}
Event: 10.379 GC heap after
{Heap after GC invocations=27 (full 0):
 garbage-first heap   total 169984K, used 69054K [0x0000000080000000, 0x0000000100000000)
  region size 1024K, 2 young (2048K), 2 survivors (2048K)
 Metaspace       used 69476K, capacity 71441K, committed 71836K, reserved 1112064K
  class space    used 8991K, capacity 9642K, committed 9708K, reserved 1048576K
}
Event: 11.171 GC heap before
{Heap before GC invocations=27 (full 0):
 garbage-first heap   total 169984K, used 121278K [0x0000000080000000, 0x0000000100000000)
  region size 1024K, 53 young (54272K), 2 survivors (2048K)
 Metaspace       used 73164K, capacity 75153K, committed 75548K, reserved 1114112K
  class space    used 9557K, capacity 10216K, committed 10348K, reserved 1048576K
}
Event: 11.183 GC heap after
{Heap after GC invocations=28 (full 0):
 garbage-first heap   total 169984K, used 72402K [0x0000000080000000, 0x0000000100000000)
  region size 1024K, 6 young (6144K), 6 survivors (6144K)
 Metaspace       used 73164K, capacity 75153K, committed 75548K, reserved 1114112K
  class space    used 9557K, capacity 10216K, committed 10348K, reserved 1048576K
}
Event: 11.952 GC heap before
{Heap before GC invocations=28 (full 0):
 garbage-first heap   total 169984K, used 125650K [0x0000000080000000, 0x0000000100000000)
  region size 1024K, 58 young (59392K), 6 survivors (6144K)
 Metaspace       used 78512K, capacity 80513K, committed 80796K, reserved 1120256K
  class space    used 10254K, capacity 10910K, committed 10988K, reserved 1048576K
}
Event: 11.974 GC heap after
{Heap after GC invocations=29 (full 0):
 garbage-first heap   total 169984K, used 76398K [0x0000000080000000, 0x0000000100000000)
  region size 1024K, 8 young (8192K), 8 survivors (8192K)
 Metaspace       used 78512K, capacity 80513K, committed 80796K, reserved 1120256K
  class space    used 10254K, capacity 10910K, committed 10988K, reserved 1048576K
}
Event: 13.016 GC heap before
{Heap before GC invocations=29 (full 0):
 garbage-first heap   total 169984K, used 131694K [0x0000000080000000, 0x0000000100000000)
  region size 1024K, 63 young (64512K), 8 survivors (8192K)
 Metaspace       used 83848K, capacity 86069K, committed 86172K, reserved 1124352K
  class space    used 10946K, capacity 11694K, committed 11756K, reserved 1048576K
}
Event: 13.042 GC heap after
{Heap after GC invocations=30 (full 0):
 garbage-first heap   total 169984K, used 79811K [0x0000000080000000, 0x0000000100000000)
  region size 1024K, 8 young (8192K), 8 survivors (8192K)
 Metaspace       used 83848K, capacity 86069K, committed 86172K, reserved 1124352K
  class space    used 10946K, capacity 11694K, committed 11756K, reserved 1048576K
}
Event: 13.438 GC heap before
{Heap before GC invocations=30 (full 0):
 garbage-first heap   total 169984K, used 137155K [0x0000000080000000, 0x0000000100000000)
  region size 1024K, 62 young (63488K), 8 survivors (8192K)
 Metaspace       used 84696K, capacity 86948K, committed 87068K, reserved 1124352K
  class space    used 11029K, capacity 11794K, committed 11884K, reserved 1048576K
}
Event: 13.456 GC heap after
{Heap after GC invocations=31 (full 0):
 garbage-first heap   total 210944K, used 87184K [0x0000000080000000, 0x0000000100000000)
  region size 1024K, 8 young (8192K), 8 survivors (8192K)
 Metaspace       used 84696K, capacity 86948K, committed 87068K, reserved 1124352K
  class space    used 11029K, capacity 11794K, committed 11884K, reserved 1048576K
}
Event: 13.833 GC heap before
{Heap before GC invocations=31 (full 0):
 garbage-first heap   total 210944K, used 161936K [0x0000000080000000, 0x0000000100000000)
  region size 1024K, 82 young (83968K), 8 survivors (8192K)
 Metaspace       used 85000K, capacity 87252K, committed 87580K, reserved 1124352K
  class space    used 11063K, capacity 11809K, committed 11884K, reserved 1048576K
}
Event: 13.864 GC heap after
{Heap after GC invocations=32 (full 0):
 garbage-first heap   total 210944K, used 90643K [0x0000000080000000, 0x0000000100000000)
  region size 1024K, 8 young (8192K), 8 survivors (8192K)
 Metaspace       used 85000K, capacity 87252K, committed 87580K, reserved 1124352K
  class space    used 11063K, capacity 11809K, committed 11884K, reserved 1048576K
}
Event: 14.809 GC heap before
{Heap before GC invocations=32 (full 0):
 garbage-first heap   total 210944K, used 164371K [0x0000000080000000, 0x0000000100000000)
  region size 1024K, 81 young (82944K), 8 survivors (8192K)
 Metaspace       used 85089K, capacity 87380K, committed 87580K, reserved 1124352K
  class space    used 11064K, capacity 11809K, committed 11884K, reserved 1048576K
}
Event: 15.110 GC heap after
{Heap after GC invocations=33 (full 0):
 garbage-first heap   total 210944K, used 91225K [0x0000000080000000, 0x0000000100000000)
  region size 1024K, 4 young (4096K), 4 survivors (4096K)
 Metaspace       used 85089K, capacity 87380K, committed 87580K, reserved 1124352K
  class space    used 11064K, capacity 11809K, committed 11884K, reserved 1048576K
}
Event: 18.105 GC heap before
{Heap before GC invocations=33 (full 0):
 garbage-first heap   total 210944K, used 167001K [0x0000000080000000, 0x0000000100000000)
  region size 1024K, 78 young (79872K), 4 survivors (4096K)
 Metaspace       used 85145K, capacity 87385K, committed 87580K, reserved 1124352K
  class space    used 11067K, capacity 11811K, committed 11884K, reserved 1048576K
}
Event: 18.316 GC heap after
{Heap after GC invocations=34 (full 0):
 garbage-first heap   total 210944K, used 91039K [0x0000000080000000, 0x0000000100000000)
  region size 1024K, 4 young (4096K), 4 survivors (4096K)
 Metaspace       used 85145K, capacity 87385K, committed 87580K, reserved 1124352K
  class space    used 11067K, capacity 11811K, committed 11884K, reserved 1048576K
}
Event: 31.437 GC heap before
{Heap before GC invocations=34 (full 0):
 garbage-first heap   total 210944K, used 167839K [0x0000000080000000, 0x0000000100000000)
  region size 1024K, 80 young (81920K), 4 survivors (4096K)
 Metaspace       used 85411K, capacity 87683K, committed 87836K, reserved 1126400K
  class space    used 11083K, capacity 11857K, committed 11884K, reserved 1048576K
}

