# JRE version: OpenJDK Runtime Environment (8.0_242) (build 1.8.0_242-release-1644-b3-6222593)
# Java VM: OpenJDK 64-Bit Server VM (25.242-b3-6222593 mixed mode linux-amd64 compressed oops)
Heap:
 PSYoungGen      total 346624K, used 9829K [0x00000000d5580000, 0x00000000ee680000, 0x0000000100000000)
  eden space 303616K, 0% used [0x00000000d5580000,0x00000000d5580000,0x00000000e7e00000)
  from space 43008K, 22% used [0x00000000e7e00000,0x00000000e8799408,0x00000000ea800000)
  to   space 26624K, 0% used [0x00000000ea800000,0x00000000ea800000,0x00000000ec200000)
 ParOldGen       total 142336K, used 90239K [0x0000000080000000, 0x0000000088b00000, 0x00000000d5580000)
  object space 142336K, 63% used [0x0000000080000000,0x000000008581fea8,0x0000000088b00000)
 Metaspace       used 73113K, capacity 76880K, committed 77208K, reserved 1116160K
  class space    used 10150K, capacity 10900K, committed 10928K, reserved 1048576K
GC Heap History (10 events):
Event: 9.901 GC heap after
Heap after GC invocations=14 (full 2):
 PSYoungGen      total 264704K, used 16361K [0x00000000d5580000, 0x00000000e7880000, 0x0000000100000000)
  eden space 248320K, 0% used [0x00000000d5580000,0x00000000d5580000,0x00000000e4800000)
  from space 16384K, 99% used [0x00000000e5f00000,0x00000000e6efa740,0x00000000e6f00000)
  to   space 23552K, 0% used [0x00000000e4800000,0x00000000e4800000,0x00000000e5f00000)
 ParOldGen       total 43520K, used 32135K [0x0000000080000000, 0x0000000082a80000, 0x00000000d5580000)
  object space 43520K, 73% used [0x0000000080000000,0x0000000081f61c10,0x0000000082a80000)
 Metaspace       used 56725K, capacity 59086K, committed 59160K, reserved 1099776K
  class space    used 7764K, capacity 8239K, committed 8240K, reserved 1048576K
}
Event: 9.901 GC heap before
{Heap before GC invocations=15 (full 3):
 PSYoungGen      total 264704K, used 16361K [0x00000000d5580000, 0x00000000e7880000, 0x0000000100000000)
  eden space 248320K, 0% used [0x00000000d5580000,0x00000000d5580000,0x00000000e4800000)
  from space 16384K, 99% used [0x00000000e5f00000,0x00000000e6efa740,0x00000000e6f00000)
  to   space 23552K, 0% used [0x00000000e4800000,0x00000000e4800000,0x00000000e5f00000)
 ParOldGen       total 43520K, used 32135K [0x0000000080000000, 0x0000000082a80000, 0x00000000d5580000)
  object space 43520K, 73% used [0x0000000080000000,0x0000000081f61c10,0x0000000082a80000)
 Metaspace       used 56725K, capacity 59086K, committed 59160K, reserved 1099776K
  class space    used 7764K, capacity 8239K, committed 8240K, reserved 1048576K
Event: 10.132 GC heap after
Heap after GC invocations=15 (full 3):
 PSYoungGen      total 264704K, used 0K [0x00000000d5580000, 0x00000000e7880000, 0x0000000100000000)
  eden space 248320K, 0% used [0x00000000d5580000,0x00000000d5580000,0x00000000e4800000)
  from space 16384K, 0% used [0x00000000e5f00000,0x00000000e5f00000,0x00000000e6f00000)
  to   space 23552K, 0% used [0x00000000e4800000,0x00000000e4800000,0x00000000e5f00000)
 ParOldGen       total 80896K, used 40435K [0x0000000080000000, 0x0000000084f00000, 0x00000000d5580000)
  object space 80896K, 49% used [0x0000000080000000,0x000000008277cd68,0x0000000084f00000)
 Metaspace       used 56708K, capacity 59032K, committed 59160K, reserved 1099776K
  class space    used 7759K, capacity 8230K, committed 8240K, reserved 1048576K
}
Event: 15.151 GC heap before
{Heap before GC invocations=16 (full 3):
 PSYoungGen      total 264704K, used 248320K [0x00000000d5580000, 0x00000000e7880000, 0x0000000100000000)
  eden space 248320K, 100% used [0x00000000d5580000,0x00000000e4800000,0x00000000e4800000)
  from space 16384K, 0% used [0x00000000e5f00000,0x00000000e5f00000,0x00000000e6f00000)
  to   space 23552K, 0% used [0x00000000e4800000,0x00000000e4800000,0x00000000e5f00000)
 ParOldGen       total 80896K, used 40435K [0x0000000080000000, 0x0000000084f00000, 0x00000000d5580000)
  object space 80896K, 49% used [0x0000000080000000,0x000000008277cd68,0x0000000084f00000)
 Metaspace       used 64271K, capacity 67304K, committed 67608K, reserved 1107968K
  class space    used 8825K, capacity 9430K, committed 9520K, reserved 1048576K
Event: 15.187 GC heap after
Heap after GC invocations=16 (full 3):
 PSYoungGen      total 271872K, used 20605K [0x00000000d5580000, 0x00000000ec200000, 0x0000000100000000)
  eden space 248320K, 0% used [0x00000000d5580000,0x00000000d5580000,0x00000000e4800000)
  from space 23552K, 87% used [0x00000000e4800000,0x00000000e5c1f4c0,0x00000000e5f00000)
  to   space 26624K, 0% used [0x00000000ea800000,0x00000000ea800000,0x00000000ec200000)
 ParOldGen       total 80896K, used 40443K [0x0000000080000000, 0x0000000084f00000, 0x00000000d5580000)
  object space 80896K, 49% used [0x0000000080000000,0x000000008277ed68,0x0000000084f00000)
 Metaspace       used 64271K, capacity 67304K, committed 67608K, reserved 1107968K
  class space    used 8825K, capacity 9430K, committed 9520K, reserved 1048576K
}
Event: 16.750 GC heap before
{Heap before GC invocations=17 (full 3):
 PSYoungGen      total 271872K, used 268925K [0x00000000d5580000, 0x00000000ec200000, 0x0000000100000000)
  eden space 248320K, 100% used [0x00000000d5580000,0x00000000e4800000,0x00000000e4800000)
  from space 23552K, 87% used [0x00000000e4800000,0x00000000e5c1f4c0,0x00000000e5f00000)
  to   space 26624K, 0% used [0x00000000ea800000,0x00000000ea800000,0x00000000ec200000)
 ParOldGen       total 80896K, used 40443K [0x0000000080000000, 0x0000000084f00000, 0x00000000d5580000)
  object space 80896K, 49% used [0x0000000080000000,0x000000008277ed68,0x0000000084f00000)
 Metaspace       used 68795K, capacity 72392K, committed 72728K, reserved 1112064K
  class space    used 9499K, capacity 10164K, committed 10288K, reserved 1048576K
Event: 16.825 GC heap after
Heap after GC invocations=17 (full 3):
 PSYoungGen      total 330240K, used 26603K [0x00000000d5580000, 0x00000000ee680000, 0x0000000100000000)
  eden space 303616K, 0% used [0x00000000d5580000,0x00000000d5580000,0x00000000e7e00000)
  from space 26624K, 99% used [0x00000000ea800000,0x00000000ec1fac88,0x00000000ec200000)
  to   space 43008K, 0% used [0x00000000e7e00000,0x00000000e7e00000,0x00000000ea800000)
 ParOldGen       total 80896K, used 73281K [0x0000000080000000, 0x0000000084f00000, 0x00000000d5580000)
  object space 80896K, 90% used [0x0000000080000000,0x0000000084790790,0x0000000084f00000)
 Metaspace       used 68795K, capacity 72392K, committed 72728K, reserved 1112064K
  class space    used 9499K, capacity 10164K, committed 10288K, reserved 1048576K
}
Event: 16.825 GC heap before
{Heap before GC invocations=18 (full 4):
 PSYoungGen      total 330240K, used 26603K [0x00000000d5580000, 0x00000000ee680000, 0x0000000100000000)
  eden space 303616K, 0% used [0x00000000d5580000,0x00000000d5580000,0x00000000e7e00000)
  from space 26624K, 99% used [0x00000000ea800000,0x00000000ec1fac88,0x00000000ec200000)
  to   space 43008K, 0% used [0x00000000e7e00000,0x00000000e7e00000,0x00000000ea800000)
 ParOldGen       total 80896K, used 73281K [0x0000000080000000, 0x0000000084f00000, 0x00000000d5580000)
  object space 80896K, 90% used [0x0000000080000000,0x0000000084790790,0x0000000084f00000)
 Metaspace       used 68795K, capacity 72392K, committed 72728K, reserved 1112064K
  class space    used 9499K, capacity 10164K, committed 10288K, reserved 1048576K
Event: 17.295 GC heap after
Heap after GC invocations=18 (full 4):
 PSYoungGen      total 330240K, used 9462K [0x00000000d5580000, 0x00000000ee680000, 0x0000000100000000)
  eden space 303616K, 0% used [0x00000000d5580000,0x00000000d5580000,0x00000000e7e00000)
  from space 26624K, 35% used [0x00000000ea800000,0x00000000eb13d818,0x00000000ec200000)
  to   space 43008K, 0% used [0x00000000e7e00000,0x00000000e7e00000,0x00000000ea800000)
 ParOldGen       total 142336K, used 80689K [0x0000000080000000, 0x0000000088b00000, 0x00000000d5580000)
  object space 142336K, 56% used [0x0000000080000000,0x0000000084ecc530,0x0000000088b00000)
 Metaspace       used 68617K, capacity 71896K, committed 72728K, reserved 1112064K
  class space    used 9439K, capacity 10058K, committed 10288K, reserved 1048576K
}
Event: 22.480 GC heap before
{Heap before GC invocations=19 (full 4):
 PSYoungGen      total 330240K, used 313078K [0x00000000d5580000, 0x00000000ee680000, 0x0000000100000000)
  eden space 303616K, 100% used [0x00000000d5580000,0x00000000e7e00000,0x00000000e7e00000)
  from space 26624K, 35% used [0x00000000ea800000,0x00000000eb13d818,0x00000000ec200000)
  to   space 43008K, 0% used [0x00000000e7e00000,0x00000000e7e00000,0x00000000ea800000)
 ParOldGen       total 142336K, used 80689K [0x0000000080000000, 0x0000000088b00000, 0x00000000d5580000)
  object space 142336K, 56% used [0x0000000080000000,0x0000000084ecc530,0x0000000088b00000)
 Metaspace       used 73113K, capacity 76880K, committed 77208K, reserved 1116160K
  class space    used 10150K, capacity 10900K, committed 10928K, reserved 1048576K

