# JRE version: OpenJDK Runtime Environment (8.0_242) (build 1.8.0_242-release-1644-b3-6222593)
# Java VM: OpenJDK 64-Bit Server VM (25.242-b3-6222593 mixed mode linux-amd64 compressed oops)
Heap:
 PSYoungGen      total 394240K, used 16275K [0x00000000d5580000, 0x00000000ef380000, 0x0000000100000000)
  eden space 368128K, 0% used [0x00000000d5580000,0x00000000d5580000,0x00000000ebd00000)
  from space 26112K, 62% used [0x00000000ec080000,0x00000000ed064ca0,0x00000000eda00000)
  to   space 20992K, 0% used [0x00000000edf00000,0x00000000edf00000,0x00000000ef380000)
 ParOldGen       total 71168K, used 44492K [0x0000000080000000, 0x0000000084580000, 0x00000000d5580000)
  object space 71168K, 62% used [0x0000000080000000,0x0000000082b73338,0x0000000084580000)
 Metaspace       used 69212K, capacity 72336K, committed 72472K, reserved 1112064K
  class space    used 9433K, capacity 10024K, committed 10032K, reserved 1048576K
GC Heap History (10 events):
Event: 6.693 GC heap after
Heap after GC invocations=13 (full 2):
 PSYoungGen      total 200192K, used 12775K [0x00000000d5580000, 0x00000000e7600000, 0x0000000100000000)
  eden space 187392K, 0% used [0x00000000d5580000,0x00000000d5580000,0x00000000e0c80000)
  from space 12800K, 99% used [0x00000000e0c80000,0x00000000e18f9ed0,0x00000000e1900000)
  to   space 15872K, 0% used [0x00000000e6680000,0x00000000e6680000,0x00000000e7600000)
 ParOldGen       total 42496K, used 17654K [0x0000000080000000, 0x0000000082980000, 0x00000000d5580000)
  object space 42496K, 41% used [0x0000000080000000,0x000000008113daa8,0x0000000082980000)
 Metaspace       used 44977K, capacity 46724K, committed 46888K, reserved 1089536K
  class space    used 6076K, capacity 6444K, committed 6448K, reserved 1048576K
}
Event: 8.995 GC heap before
{Heap before GC invocations=14 (full 2):
 PSYoungGen      total 200192K, used 200167K [0x00000000d5580000, 0x00000000e7600000, 0x0000000100000000)
  eden space 187392K, 100% used [0x00000000d5580000,0x00000000e0c80000,0x00000000e0c80000)
  from space 12800K, 99% used [0x00000000e0c80000,0x00000000e18f9ed0,0x00000000e1900000)
  to   space 15872K, 0% used [0x00000000e6680000,0x00000000e6680000,0x00000000e7600000)
 ParOldGen       total 42496K, used 17654K [0x0000000080000000, 0x0000000082980000, 0x00000000d5580000)
  object space 42496K, 41% used [0x0000000080000000,0x000000008113daa8,0x0000000082980000)
 Metaspace       used 56633K, capacity 58996K, committed 59160K, reserved 1099776K
  class space    used 7748K, capacity 8230K, committed 8240K, reserved 1048576K
Event: 9.073 GC heap after
Heap after GC invocations=14 (full 2):
 PSYoungGen      total 272384K, used 15871K [0x00000000d5580000, 0x00000000e8080000, 0x0000000100000000)
  eden space 256512K, 0% used [0x00000000d5580000,0x00000000d5580000,0x00000000e5000000)
  from space 15872K, 99% used [0x00000000e6680000,0x00000000e75ffc20,0x00000000e7600000)
  to   space 23040K, 0% used [0x00000000e5000000,0x00000000e5000000,0x00000000e6680000)
 ParOldGen       total 42496K, used 30520K [0x0000000080000000, 0x0000000082980000, 0x00000000d5580000)
  object space 42496K, 71% used [0x0000000080000000,0x0000000081dce030,0x0000000082980000)
 Metaspace       used 56633K, capacity 58996K, committed 59160K, reserved 1099776K
  class space    used 7748K, capacity 8230K, committed 8240K, reserved 1048576K
}
Event: 9.128 GC heap before
{Heap before GC invocations=15 (full 2):
 PSYoungGen      total 272384K, used 20775K [0x00000000d5580000, 0x00000000e8080000, 0x0000000100000000)
  eden space 256512K, 1% used [0x00000000d5580000,0x00000000d5a4a0b0,0x00000000e5000000)
  from space 15872K, 99% used [0x00000000e6680000,0x00000000e75ffc20,0x00000000e7600000)
  to   space 23040K, 0% used [0x00000000e5000000,0x00000000e5000000,0x00000000e6680000)
 ParOldGen       total 42496K, used 30520K [0x0000000080000000, 0x0000000082980000, 0x00000000d5580000)
  object space 42496K, 71% used [0x0000000080000000,0x0000000081dce030,0x0000000082980000)
 Metaspace       used 56713K, capacity 59076K, committed 59160K, reserved 1099776K
  class space    used 7759K, capacity 8236K, committed 8240K, reserved 1048576K
Event: 9.157 GC heap after
Heap after GC invocations=15 (full 2):
 PSYoungGen      total 279552K, used 224K [0x00000000d5580000, 0x00000000ef580000, 0x0000000100000000)
  eden space 256512K, 0% used [0x00000000d5580000,0x00000000d5580000,0x00000000e5000000)
  from space 23040K, 0% used [0x00000000e5000000,0x00000000e5038000,0x00000000e6680000)
  to   space 23040K, 0% used [0x00000000edf00000,0x00000000edf00000,0x00000000ef580000)
 ParOldGen       total 44032K, used 43793K [0x0000000080000000, 0x0000000082b00000, 0x00000000d5580000)
  object space 44032K, 99% used [0x0000000080000000,0x0000000082ac44e8,0x0000000082b00000)
 Metaspace       used 56713K, capacity 59076K, committed 59160K, reserved 1099776K
  class space    used 7759K, capacity 8236K, committed 8240K, reserved 1048576K
}
Event: 9.157 GC heap before
{Heap before GC invocations=16 (full 3):
 PSYoungGen      total 279552K, used 224K [0x00000000d5580000, 0x00000000ef580000, 0x0000000100000000)
  eden space 256512K, 0% used [0x00000000d5580000,0x00000000d5580000,0x00000000e5000000)
  from space 23040K, 0% used [0x00000000e5000000,0x00000000e5038000,0x00000000e6680000)
  to   space 23040K, 0% used [0x00000000edf00000,0x00000000edf00000,0x00000000ef580000)
 ParOldGen       total 44032K, used 43793K [0x0000000080000000, 0x0000000082b00000, 0x00000000d5580000)
  object space 44032K, 99% used [0x0000000080000000,0x0000000082ac44e8,0x0000000082b00000)
 Metaspace       used 56713K, capacity 59076K, committed 59160K, reserved 1099776K
  class space    used 7759K, capacity 8236K, committed 8240K, reserved 1048576K
Event: 9.379 GC heap after
Heap after GC invocations=16 (full 3):
 PSYoungGen      total 279552K, used 0K [0x00000000d5580000, 0x00000000ef580000, 0x0000000100000000)
  eden space 256512K, 0% used [0x00000000d5580000,0x00000000d5580000,0x00000000e5000000)
  from space 23040K, 0% used [0x00000000e5000000,0x00000000e5000000,0x00000000e6680000)
  to   space 23040K, 0% used [0x00000000edf00000,0x00000000edf00000,0x00000000ef580000)
 ParOldGen       total 71168K, used 32634K [0x0000000080000000, 0x0000000084580000, 0x00000000d5580000)
  object space 71168K, 45% used [0x0000000080000000,0x0000000081fdea68,0x0000000084580000)
 Metaspace       used 56702K, capacity 59040K, committed 59160K, reserved 1099776K
  class space    used 7756K, capacity 8230K, committed 8240K, reserved 1048576K
}
Event: 13.422 GC heap before
{Heap before GC invocations=17 (full 3):
 PSYoungGen      total 279552K, used 256512K [0x00000000d5580000, 0x00000000ef580000, 0x0000000100000000)
  eden space 256512K, 100% used [0x00000000d5580000,0x00000000e5000000,0x00000000e5000000)
  from space 23040K, 0% used [0x00000000e5000000,0x00000000e5000000,0x00000000e6680000)
  to   space 23040K, 0% used [0x00000000edf00000,0x00000000edf00000,0x00000000ef580000)
 ParOldGen       total 71168K, used 32634K [0x0000000080000000, 0x0000000084580000, 0x00000000d5580000)
  object space 71168K, 45% used [0x0000000080000000,0x0000000081fdea68,0x0000000084580000)
 Metaspace       used 67554K, capacity 70602K, committed 70808K, reserved 1110016K
  class space    used 9286K, capacity 9847K, committed 9904K, reserved 1048576K
Event: 13.449 GC heap after
Heap after GC invocations=17 (full 3):
 PSYoungGen      total 389120K, used 20744K [0x00000000d5580000, 0x00000000ef380000, 0x0000000100000000)
  eden space 368128K, 0% used [0x00000000d5580000,0x00000000d5580000,0x00000000ebd00000)
  from space 20992K, 98% used [0x00000000edf00000,0x00000000ef342168,0x00000000ef380000)
  to   space 26112K, 0% used [0x00000000ec080000,0x00000000ec080000,0x00000000eda00000)
 ParOldGen       total 71168K, used 32642K [0x0000000080000000, 0x0000000084580000, 0x00000000d5580000)
  object space 71168K, 45% used [0x0000000080000000,0x0000000081fe0a68,0x0000000084580000)
 Metaspace       used 67554K, capacity 70602K, committed 70808K, reserved 1110016K
  class space    used 9286K, capacity 9847K, committed 9904K, reserved 1048576K
}
Event: 14.900 GC heap before
{Heap before GC invocations=18 (full 3):
 PSYoungGen      total 389120K, used 388872K [0x00000000d5580000, 0x00000000ef380000, 0x0000000100000000)
  eden space 368128K, 100% used [0x00000000d5580000,0x00000000ebd00000,0x00000000ebd00000)
  from space 20992K, 98% used [0x00000000edf00000,0x00000000ef342168,0x00000000ef380000)
  to   space 26112K, 0% used [0x00000000ec080000,0x00000000ec080000,0x00000000eda00000)
 ParOldGen       total 71168K, used 32642K [0x0000000080000000, 0x0000000084580000, 0x00000000d5580000)
  object space 71168K, 45% used [0x0000000080000000,0x0000000081fe0a68,0x0000000084580000)
 Metaspace       used 69212K, capacity 72336K, committed 72472K, reserved 1112064K
  class space    used 9433K, capacity 10024K, committed 10032K, reserved 1048576K

