# JRE version: OpenJDK Runtime Environment (8.0_242) (build 1.8.0_242-release-1644-b3-6222593)
# Java VM: OpenJDK 64-Bit Server VM (25.242-b3-6222593 mixed mode linux-amd64 compressed oops)
Heap:
 PSYoungGen      total 298496K, used 23011K [0x00000000d5580000, 0x00000000e9280000, 0x0000000100000000)
  eden space 275456K, 0% used [0x00000000d5580000,0x00000000d5580000,0x00000000e6280000)
  from space 23040K, 99% used [0x00000000e6280000,0x00000000e78f8eb0,0x00000000e7900000)
  to   space 15872K, 0% used [0x00000000e7900000,0x00000000e7900000,0x00000000e8880000)
 ParOldGen       total 73728K, used 41864K [0x0000000080000000, 0x0000000084800000, 0x00000000d5580000)
  object space 73728K, 56% used [0x0000000080000000,0x00000000828e2070,0x0000000084800000)
 Metaspace       used 66945K, capacity 70020K, committed 70296K, reserved 1110016K
  class space    used 9191K, capacity 9810K, committed 9904K, reserved 1048576K
GC Heap History (10 events):
Event: 4.670 GC heap after
Heap after GC invocations=11 (full 1):
 PSYoungGen      total 203776K, used 8628K [0x00000000d5580000, 0x00000000e2980000, 0x0000000100000000)
  eden space 191488K, 0% used [0x00000000d5580000,0x00000000d5580000,0x00000000e1080000)
  from space 12288K, 70% used [0x00000000e1d80000,0x00000000e25ed3a8,0x00000000e2980000)
  to   space 12800K, 0% used [0x00000000e1080000,0x00000000e1080000,0x00000000e1d00000)
 ParOldGen       total 27648K, used 10724K [0x0000000080000000, 0x0000000081b00000, 0x00000000d5580000)
  object space 27648K, 38% used [0x0000000080000000,0x0000000080a791f0,0x0000000081b00000)
 Metaspace       used 34319K, capacity 35422K, committed 35496K, reserved 1079296K
  class space    used 4718K, capacity 5004K, committed 5040K, reserved 1048576K
}
Event: 4.670 GC heap before
{Heap before GC invocations=12 (full 2):
 PSYoungGen      total 203776K, used 8628K [0x00000000d5580000, 0x00000000e2980000, 0x0000000100000000)
  eden space 191488K, 0% used [0x00000000d5580000,0x00000000d5580000,0x00000000e1080000)
  from space 12288K, 70% used [0x00000000e1d80000,0x00000000e25ed3a8,0x00000000e2980000)
  to   space 12800K, 0% used [0x00000000e1080000,0x00000000e1080000,0x00000000e1d00000)
 ParOldGen       total 27648K, used 10724K [0x0000000080000000, 0x0000000081b00000, 0x00000000d5580000)
  object space 27648K, 38% used [0x0000000080000000,0x0000000080a791f0,0x0000000081b00000)
 Metaspace       used 34319K, capacity 35422K, committed 35496K, reserved 1079296K
  class space    used 4718K, capacity 5004K, committed 5040K, reserved 1048576K
Event: 4.746 GC heap after
Heap after GC invocations=12 (full 2):
 PSYoungGen      total 203776K, used 0K [0x00000000d5580000, 0x00000000e2980000, 0x0000000100000000)
  eden space 191488K, 0% used [0x00000000d5580000,0x00000000d5580000,0x00000000e1080000)
  from space 12288K, 0% used [0x00000000e1d80000,0x00000000e1d80000,0x00000000e2980000)
  to   space 12800K, 0% used [0x00000000e1080000,0x00000000e1080000,0x00000000e1d00000)
 ParOldGen       total 39936K, used 14923K [0x0000000080000000, 0x0000000082700000, 0x00000000d5580000)
  object space 39936K, 37% used [0x0000000080000000,0x0000000080e92cf8,0x0000000082700000)
 Metaspace       used 34319K, capacity 35422K, committed 35496K, reserved 1079296K
  class space    used 4718K, capacity 5004K, committed 5040K, reserved 1048576K
}
Event: 6.767 GC heap before
{Heap before GC invocations=13 (full 2):
 PSYoungGen      total 203776K, used 191488K [0x00000000d5580000, 0x00000000e2980000, 0x0000000100000000)
  eden space 191488K, 100% used [0x00000000d5580000,0x00000000e1080000,0x00000000e1080000)
  from space 12288K, 0% used [0x00000000e1d80000,0x00000000e1d80000,0x00000000e2980000)
  to   space 12800K, 0% used [0x00000000e1080000,0x00000000e1080000,0x00000000e1d00000)
 ParOldGen       total 39936K, used 14923K [0x0000000080000000, 0x0000000082700000, 0x00000000d5580000)
  object space 39936K, 37% used [0x0000000080000000,0x0000000080e92cf8,0x0000000082700000)
 Metaspace       used 45338K, capacity 47054K, committed 47272K, reserved 1089536K
  class space    used 6128K, capacity 6509K, committed 6576K, reserved 1048576K
Event: 6.783 GC heap after
Heap after GC invocations=13 (full 2):
 PSYoungGen      total 204288K, used 12791K [0x00000000d5580000, 0x00000000e8880000, 0x0000000100000000)
  eden space 191488K, 0% used [0x00000000d5580000,0x00000000d5580000,0x00000000e1080000)
  from space 12800K, 99% used [0x00000000e1080000,0x00000000e1cfdfd0,0x00000000e1d00000)
  to   space 15872K, 0% used [0x00000000e7900000,0x00000000e7900000,0x00000000e8880000)
 ParOldGen       total 39936K, used 17789K [0x0000000080000000, 0x0000000082700000, 0x00000000d5580000)
  object space 39936K, 44% used [0x0000000080000000,0x000000008115f480,0x0000000082700000)
 Metaspace       used 45338K, capacity 47054K, committed 47272K, reserved 1089536K
  class space    used 6128K, capacity 6509K, committed 6576K, reserved 1048576K
}
Event: 9.150 GC heap before
{Heap before GC invocations=14 (full 2):
 PSYoungGen      total 204288K, used 202548K [0x00000000d5580000, 0x00000000e8880000, 0x0000000100000000)
  eden space 191488K, 99% used [0x00000000d5580000,0x00000000e0ecf108,0x00000000e1080000)
  from space 12800K, 99% used [0x00000000e1080000,0x00000000e1cfdfd0,0x00000000e1d00000)
  to   space 15872K, 0% used [0x00000000e7900000,0x00000000e7900000,0x00000000e8880000)
 ParOldGen       total 39936K, used 17789K [0x0000000080000000, 0x0000000082700000, 0x00000000d5580000)
  object space 39936K, 44% used [0x0000000080000000,0x000000008115f480,0x0000000082700000)
 Metaspace       used 56859K, capacity 59154K, committed 59160K, reserved 1099776K
  class space    used 7791K, capacity 8235K, committed 8240K, reserved 1048576K
Event: 9.207 GC heap after
Heap after GC invocations=14 (full 2):
 PSYoungGen      total 291328K, used 15840K [0x00000000d5580000, 0x00000000e9280000, 0x0000000100000000)
  eden space 275456K, 0% used [0x00000000d5580000,0x00000000d5580000,0x00000000e6280000)
  from space 15872K, 99% used [0x00000000e7900000,0x00000000e88782b0,0x00000000e8880000)
  to   space 23040K, 0% used [0x00000000e6280000,0x00000000e6280000,0x00000000e7900000)
 ParOldGen       total 39936K, used 31011K [0x0000000080000000, 0x0000000082700000, 0x00000000d5580000)
  object space 39936K, 77% used [0x0000000080000000,0x0000000081e48dc8,0x0000000082700000)
 Metaspace       used 56859K, capacity 59154K, committed 59160K, reserved 1099776K
  class space    used 7791K, capacity 8235K, committed 8240K, reserved 1048576K
}
Event: 9.207 GC heap before
{Heap before GC invocations=15 (full 3):
 PSYoungGen      total 291328K, used 15840K [0x00000000d5580000, 0x00000000e9280000, 0x0000000100000000)
  eden space 275456K, 0% used [0x00000000d5580000,0x00000000d5580000,0x00000000e6280000)
  from space 15872K, 99% used [0x00000000e7900000,0x00000000e88782b0,0x00000000e8880000)
  to   space 23040K, 0% used [0x00000000e6280000,0x00000000e6280000,0x00000000e7900000)
 ParOldGen       total 39936K, used 31011K [0x0000000080000000, 0x0000000082700000, 0x00000000d5580000)
  object space 39936K, 77% used [0x0000000080000000,0x0000000081e48dc8,0x0000000082700000)
 Metaspace       used 56859K, capacity 59154K, committed 59160K, reserved 1099776K
  class space    used 7791K, capacity 8235K, committed 8240K, reserved 1048576K
Event: 9.559 GC heap after
Heap after GC invocations=15 (full 3):
 PSYoungGen      total 291328K, used 912K [0x00000000d5580000, 0x00000000e9280000, 0x0000000100000000)
  eden space 275456K, 0% used [0x00000000d5580000,0x00000000d5580000,0x00000000e6280000)
  from space 15872K, 5% used [0x00000000e7900000,0x00000000e79e4280,0x00000000e8880000)
  to   space 23040K, 0% used [0x00000000e6280000,0x00000000e6280000,0x00000000e7900000)
 ParOldGen       total 73728K, used 39701K [0x0000000080000000, 0x0000000084800000, 0x00000000d5580000)
  object space 73728K, 53% used [0x0000000080000000,0x00000000826c5578,0x0000000084800000)
 Metaspace       used 56846K, capacity 59112K, committed 59160K, reserved 1099776K
  class space    used 7787K, capacity 8228K, committed 8240K, reserved 1048576K
}
Event: 15.867 GC heap before
{Heap before GC invocations=16 (full 3):
 PSYoungGen      total 291328K, used 276368K [0x00000000d5580000, 0x00000000e9280000, 0x0000000100000000)
  eden space 275456K, 100% used [0x00000000d5580000,0x00000000e6280000,0x00000000e6280000)
  from space 15872K, 5% used [0x00000000e7900000,0x00000000e79e4280,0x00000000e8880000)
  to   space 23040K, 0% used [0x00000000e6280000,0x00000000e6280000,0x00000000e7900000)
 ParOldGen       total 73728K, used 39701K [0x0000000080000000, 0x0000000084800000, 0x00000000d5580000)
  object space 73728K, 53% used [0x0000000080000000,0x00000000826c5578,0x0000000084800000)
 Metaspace       used 66945K, capacity 70020K, committed 70296K, reserved 1110016K
  class space    used 9191K, capacity 9810K, committed 9904K, reserved 1048576K

