# JRE version: OpenJDK Runtime Environment (8.0_242) (build 1.8.0_242-release-1644-b3-6222593)
# Java VM: OpenJDK 64-Bit Server VM (25.242-b3-6222593 mixed mode linux-amd64 compressed oops)
Heap:
 PSYoungGen      total 401408K, used 14465K [0x00000000d5580000, 0x00000000f1080000, 0x0000000100000000)
  eden space 360448K, 0% used [0x00000000d5580000,0x00000000d5580000,0x00000000eb580000)
  from space 40960K, 35% used [0x00000000eb580000,0x00000000ec3a0430,0x00000000edd80000)
  to   space 26624K, 0% used [0x00000000edd80000,0x00000000edd80000,0x00000000ef780000)
 ParOldGen       total 123904K, used 84789K [0x0000000080000000, 0x0000000087900000, 0x00000000d5580000)
  object space 123904K, 68% used [0x0000000080000000,0x00000000852cd5e0,0x0000000087900000)
 Metaspace       used 74328K, capacity 78308K, committed 78360K, reserved 1116160K
  class space    used 10272K, capacity 11040K, committed 11056K, reserved 1048576K
GC Heap History (10 events):
Event: 9.228 GC heap after
Heap after GC invocations=14 (full 2):
 PSYoungGen      total 287744K, used 15843K [0x00000000d5580000, 0x00000000e8e80000, 0x0000000100000000)
  eden space 271872K, 0% used [0x00000000d5580000,0x00000000d5580000,0x00000000e5f00000)
  from space 15872K, 99% used [0x00000000e7580000,0x00000000e84f8c28,0x00000000e8500000)
  to   space 23040K, 0% used [0x00000000e5f00000,0x00000000e5f00000,0x00000000e7580000)
 ParOldGen       total 40448K, used 30895K [0x0000000080000000, 0x0000000082780000, 0x00000000d5580000)
  object space 40448K, 76% used [0x0000000080000000,0x0000000081e2be40,0x0000000082780000)
 Metaspace       used 56709K, capacity 59098K, committed 59160K, reserved 1099776K
  class space    used 7764K, capacity 8231K, committed 8240K, reserved 1048576K
}
Event: 9.228 GC heap before
{Heap before GC invocations=15 (full 3):
 PSYoungGen      total 287744K, used 15843K [0x00000000d5580000, 0x00000000e8e80000, 0x0000000100000000)
  eden space 271872K, 0% used [0x00000000d5580000,0x00000000d5580000,0x00000000e5f00000)
  from space 15872K, 99% used [0x00000000e7580000,0x00000000e84f8c28,0x00000000e8500000)
  to   space 23040K, 0% used [0x00000000e5f00000,0x00000000e5f00000,0x00000000e7580000)
 ParOldGen       total 40448K, used 30895K [0x0000000080000000, 0x0000000082780000, 0x00000000d5580000)
  object space 40448K, 76% used [0x0000000080000000,0x0000000081e2be40,0x0000000082780000)
 Metaspace       used 56709K, capacity 59098K, committed 59160K, reserved 1099776K
  class space    used 7764K, capacity 8231K, committed 8240K, reserved 1048576K
Event: 9.489 GC heap after
Heap after GC invocations=15 (full 3):
 PSYoungGen      total 287744K, used 0K [0x00000000d5580000, 0x00000000e8e80000, 0x0000000100000000)
  eden space 271872K, 0% used [0x00000000d5580000,0x00000000d5580000,0x00000000e5f00000)
  from space 15872K, 0% used [0x00000000e7580000,0x00000000e7580000,0x00000000e8500000)
  to   space 23040K, 0% used [0x00000000e5f00000,0x00000000e5f00000,0x00000000e7580000)
 ParOldGen       total 74240K, used 40392K [0x0000000080000000, 0x0000000084880000, 0x00000000d5580000)
  object space 74240K, 54% used [0x0000000080000000,0x0000000082772098,0x0000000084880000)
 Metaspace       used 56707K, capacity 59092K, committed 59160K, reserved 1099776K
  class space    used 7763K, capacity 8230K, committed 8240K, reserved 1048576K
}
Event: 13.753 GC heap before
{Heap before GC invocations=16 (full 3):
 PSYoungGen      total 287744K, used 271872K [0x00000000d5580000, 0x00000000e8e80000, 0x0000000100000000)
  eden space 271872K, 100% used [0x00000000d5580000,0x00000000e5f00000,0x00000000e5f00000)
  from space 15872K, 0% used [0x00000000e7580000,0x00000000e7580000,0x00000000e8500000)
  to   space 23040K, 0% used [0x00000000e5f00000,0x00000000e5f00000,0x00000000e7580000)
 ParOldGen       total 74240K, used 40392K [0x0000000080000000, 0x0000000084880000, 0x00000000d5580000)
  object space 74240K, 54% used [0x0000000080000000,0x0000000082772098,0x0000000084880000)
 Metaspace       used 64271K, capacity 67264K, committed 67352K, reserved 1107968K
  class space    used 8828K, capacity 9432K, committed 9520K, reserved 1048576K
Event: 13.782 GC heap after
Heap after GC invocations=16 (full 3):
 PSYoungGen      total 294912K, used 22020K [0x00000000d5580000, 0x00000000ef780000, 0x0000000100000000)
  eden space 271872K, 0% used [0x00000000d5580000,0x00000000d5580000,0x00000000e5f00000)
  from space 23040K, 95% used [0x00000000e5f00000,0x00000000e7481270,0x00000000e7580000)
  to   space 26624K, 0% used [0x00000000edd80000,0x00000000edd80000,0x00000000ef780000)
 ParOldGen       total 74240K, used 40400K [0x0000000080000000, 0x0000000084880000, 0x00000000d5580000)
  object space 74240K, 54% used [0x0000000080000000,0x0000000082774098,0x0000000084880000)
 Metaspace       used 64271K, capacity 67264K, committed 67352K, reserved 1107968K
  class space    used 8828K, capacity 9432K, committed 9520K, reserved 1048576K
}
Event: 15.839 GC heap before
{Heap before GC invocations=17 (full 3):
 PSYoungGen      total 294912K, used 293892K [0x00000000d5580000, 0x00000000ef780000, 0x0000000100000000)
  eden space 271872K, 100% used [0x00000000d5580000,0x00000000e5f00000,0x00000000e5f00000)
  from space 23040K, 95% used [0x00000000e5f00000,0x00000000e7481270,0x00000000e7580000)
  to   space 26624K, 0% used [0x00000000edd80000,0x00000000edd80000,0x00000000ef780000)
 ParOldGen       total 74240K, used 40400K [0x0000000080000000, 0x0000000084880000, 0x00000000d5580000)
  object space 74240K, 54% used [0x0000000080000000,0x0000000082774098,0x0000000084880000)
 Metaspace       used 72298K, capacity 76156K, committed 76440K, reserved 1114112K
  class space    used 10090K, capacity 10838K, committed 10928K, reserved 1048576K
Event: 15.927 GC heap after
Heap after GC invocations=17 (full 3):
 PSYoungGen      total 387072K, used 26618K [0x00000000d5580000, 0x00000000f1080000, 0x0000000100000000)
  eden space 360448K, 0% used [0x00000000d5580000,0x00000000d5580000,0x00000000eb580000)
  from space 26624K, 99% used [0x00000000edd80000,0x00000000ef77eb28,0x00000000ef780000)
  to   space 40960K, 0% used [0x00000000eb580000,0x00000000eb580000,0x00000000edd80000)
 ParOldGen       total 74240K, used 68036K [0x0000000080000000, 0x0000000084880000, 0x00000000d5580000)
  object space 74240K, 91% used [0x0000000080000000,0x0000000084271058,0x0000000084880000)
 Metaspace       used 72298K, capacity 76156K, committed 76440K, reserved 1114112K
  class space    used 10090K, capacity 10838K, committed 10928K, reserved 1048576K
}
Event: 15.927 GC heap before
{Heap before GC invocations=18 (full 4):
 PSYoungGen      total 387072K, used 26618K [0x00000000d5580000, 0x00000000f1080000, 0x0000000100000000)
  eden space 360448K, 0% used [0x00000000d5580000,0x00000000d5580000,0x00000000eb580000)
  from space 26624K, 99% used [0x00000000edd80000,0x00000000ef77eb28,0x00000000ef780000)
  to   space 40960K, 0% used [0x00000000eb580000,0x00000000eb580000,0x00000000edd80000)
 ParOldGen       total 74240K, used 68036K [0x0000000080000000, 0x0000000084880000, 0x00000000d5580000)
  object space 74240K, 91% used [0x0000000080000000,0x0000000084271058,0x0000000084880000)
 Metaspace       used 72298K, capacity 76156K, committed 76440K, reserved 1114112K
  class space    used 10090K, capacity 10838K, committed 10928K, reserved 1048576K
Event: 16.546 GC heap after
Heap after GC invocations=18 (full 4):
 PSYoungGen      total 387072K, used 11210K [0x00000000d5580000, 0x00000000f1080000, 0x0000000100000000)
  eden space 360448K, 0% used [0x00000000d5580000,0x00000000d5580000,0x00000000eb580000)
  from space 26624K, 42% used [0x00000000edd80000,0x00000000ee872848,0x00000000ef780000)
  to   space 40960K, 0% used [0x00000000eb580000,0x00000000eb580000,0x00000000edd80000)
 ParOldGen       total 123904K, used 73873K [0x0000000080000000, 0x0000000087900000, 0x00000000d5580000)
  object space 123904K, 59% used [0x0000000080000000,0x00000000848245e8,0x0000000087900000)
 Metaspace       used 72130K, capacity 75696K, committed 76440K, reserved 1114112K
  class space    used 10032K, capacity 10736K, committed 10928K, reserved 1048576K
}
Event: 19.227 GC heap before
{Heap before GC invocations=19 (full 4):
 PSYoungGen      total 387072K, used 371658K [0x00000000d5580000, 0x00000000f1080000, 0x0000000100000000)
  eden space 360448K, 100% used [0x00000000d5580000,0x00000000eb580000,0x00000000eb580000)
  from space 26624K, 42% used [0x00000000edd80000,0x00000000ee872848,0x00000000ef780000)
  to   space 40960K, 0% used [0x00000000eb580000,0x00000000eb580000,0x00000000edd80000)
 ParOldGen       total 123904K, used 73873K [0x0000000080000000, 0x0000000087900000, 0x00000000d5580000)
  object space 123904K, 59% used [0x0000000080000000,0x00000000848245e8,0x0000000087900000)
 Metaspace       used 74328K, capacity 78308K, committed 78360K, reserved 1116160K
  class space    used 10272K, capacity 11040K, committed 11056K, reserved 1048576K

