# JRE version: OpenJDK Runtime Environment (8.0_242) (build 1.8.0_242-release-1644-b3-6222593)
# Java VM: OpenJDK 64-Bit Server VM (25.242-b3-6222593 mixed mode linux-amd64 compressed oops)
Heap:
 PSYoungGen      total 383488K, used 25593K [0x00000000d5580000, 0x00000000eed80000, 0x0000000100000000)
  eden space 357888K, 0% used [0x00000000d5580000,0x00000000d5580000,0x00000000eb300000)
  from space 25600K, 99% used [0x00000000ebb80000,0x00000000ed47e530,0x00000000ed480000)
  to   space 20480K, 0% used [0x00000000ed980000,0x00000000ed980000,0x00000000eed80000)
 ParOldGen       total 72192K, used 62182K [0x0000000080000000, 0x0000000084680000, 0x00000000d5580000)
  object space 72192K, 86% used [0x0000000080000000,0x0000000083cb9938,0x0000000084680000)
 Metaspace       used 73728K, capacity 77916K, committed 78232K, reserved 1116160K
  class space    used 10275K, capacity 11084K, committed 11184K, reserved 1048576K
GC Heap History (10 events):
Event: 7.526 GC heap after
Heap after GC invocations=13 (full 2):
 PSYoungGen      total 198144K, used 12789K [0x00000000d5580000, 0x00000000e7280000, 0x0000000100000000)
  eden space 185344K, 0% used [0x00000000d5580000,0x00000000d5580000,0x00000000e0a80000)
  from space 12800K, 99% used [0x00000000e0a80000,0x00000000e16fd5b8,0x00000000e1700000)
  to   space 15360K, 0% used [0x00000000e6380000,0x00000000e6380000,0x00000000e7280000)
 ParOldGen       total 43008K, used 17316K [0x0000000080000000, 0x0000000082a00000, 0x00000000d5580000)
  object space 43008K, 40% used [0x0000000080000000,0x00000000810e9150,0x0000000082a00000)
 Metaspace       used 44395K, capacity 46158K, committed 46376K, reserved 1089536K
  class space    used 6023K, capacity 6413K, committed 6448K, reserved 1048576K
}
Event: 10.029 GC heap before
{Heap before GC invocations=14 (full 2):
 PSYoungGen      total 198144K, used 198133K [0x00000000d5580000, 0x00000000e7280000, 0x0000000100000000)
  eden space 185344K, 100% used [0x00000000d5580000,0x00000000e0a80000,0x00000000e0a80000)
  from space 12800K, 99% used [0x00000000e0a80000,0x00000000e16fd5b8,0x00000000e1700000)
  to   space 15360K, 0% used [0x00000000e6380000,0x00000000e6380000,0x00000000e7280000)
 ParOldGen       total 43008K, used 17316K [0x0000000080000000, 0x0000000082a00000, 0x00000000d5580000)
  object space 43008K, 40% used [0x0000000080000000,0x00000000810e9150,0x0000000082a00000)
 Metaspace       used 56411K, capacity 58754K, committed 58920K, reserved 1099776K
  class space    used 7717K, capacity 8199K, committed 8240K, reserved 1048576K
Event: 10.120 GC heap after
Heap after GC invocations=14 (full 2):
 PSYoungGen      total 269312K, used 15342K [0x00000000d5580000, 0x00000000e7e00000, 0x0000000100000000)
  eden space 253952K, 0% used [0x00000000d5580000,0x00000000d5580000,0x00000000e4d80000)
  from space 15360K, 99% used [0x00000000e6380000,0x00000000e727ba40,0x00000000e7280000)
  to   space 22528K, 0% used [0x00000000e4d80000,0x00000000e4d80000,0x00000000e6380000)
 ParOldGen       total 43008K, used 30346K [0x0000000080000000, 0x0000000082a00000, 0x00000000d5580000)
  object space 43008K, 70% used [0x0000000080000000,0x0000000081da2868,0x0000000082a00000)
 Metaspace       used 56411K, capacity 58754K, committed 58920K, reserved 1099776K
  class space    used 7717K, capacity 8199K, committed 8240K, reserved 1048576K
}
Event: 10.232 GC heap before
{Heap before GC invocations=15 (full 2):
 PSYoungGen      total 269312K, used 24747K [0x00000000d5580000, 0x00000000e7e00000, 0x0000000100000000)
  eden space 253952K, 3% used [0x00000000d5580000,0x00000000d5eaf240,0x00000000e4d80000)
  from space 15360K, 99% used [0x00000000e6380000,0x00000000e727ba40,0x00000000e7280000)
  to   space 22528K, 0% used [0x00000000e4d80000,0x00000000e4d80000,0x00000000e6380000)
 ParOldGen       total 43008K, used 30346K [0x0000000080000000, 0x0000000082a00000, 0x00000000d5580000)
  object space 43008K, 70% used [0x0000000080000000,0x0000000081da2868,0x0000000082a00000)
 Metaspace       used 56685K, capacity 59058K, committed 59160K, reserved 1099776K
  class space    used 7760K, capacity 8237K, committed 8240K, reserved 1048576K
Event: 10.272 GC heap after
Heap after GC invocations=15 (full 2):
 PSYoungGen      total 276480K, used 512K [0x00000000d5580000, 0x00000000eef80000, 0x0000000100000000)
  eden space 253952K, 0% used [0x00000000d5580000,0x00000000d5580000,0x00000000e4d80000)
  from space 22528K, 2% used [0x00000000e4d80000,0x00000000e4e00000,0x00000000e6380000)
  to   space 22528K, 0% used [0x00000000ed980000,0x00000000ed980000,0x00000000eef80000)
 ParOldGen       total 45056K, used 43695K [0x0000000080000000, 0x0000000082c00000, 0x00000000d5580000)
  object space 45056K, 96% used [0x0000000080000000,0x0000000082aabc98,0x0000000082c00000)
 Metaspace       used 56685K, capacity 59058K, committed 59160K, reserved 1099776K
  class space    used 7760K, capacity 8237K, committed 8240K, reserved 1048576K
}
Event: 10.272 GC heap before
{Heap before GC invocations=16 (full 3):
 PSYoungGen      total 276480K, used 512K [0x00000000d5580000, 0x00000000eef80000, 0x0000000100000000)
  eden space 253952K, 0% used [0x00000000d5580000,0x00000000d5580000,0x00000000e4d80000)
  from space 22528K, 2% used [0x00000000e4d80000,0x00000000e4e00000,0x00000000e6380000)
  to   space 22528K, 0% used [0x00000000ed980000,0x00000000ed980000,0x00000000eef80000)
 ParOldGen       total 45056K, used 43695K [0x0000000080000000, 0x0000000082c00000, 0x00000000d5580000)
  object space 45056K, 96% used [0x0000000080000000,0x0000000082aabc98,0x0000000082c00000)
 Metaspace       used 56685K, capacity 59058K, committed 59160K, reserved 1099776K
  class space    used 7760K, capacity 8237K, committed 8240K, reserved 1048576K
Event: 10.599 GC heap after
Heap after GC invocations=16 (full 3):
 PSYoungGen      total 276480K, used 0K [0x00000000d5580000, 0x00000000eef80000, 0x0000000100000000)
  eden space 253952K, 0% used [0x00000000d5580000,0x00000000d5580000,0x00000000e4d80000)
  from space 22528K, 0% used [0x00000000e4d80000,0x00000000e4d80000,0x00000000e6380000)
  to   space 22528K, 0% used [0x00000000ed980000,0x00000000ed980000,0x00000000eef80000)
 ParOldGen       total 72192K, used 32873K [0x0000000080000000, 0x0000000084680000, 0x00000000d5580000)
  object space 72192K, 45% used [0x0000000080000000,0x000000008201a728,0x0000000084680000)
 Metaspace       used 56673K, capacity 59016K, committed 59160K, reserved 1099776K
  class space    used 7756K, capacity 8230K, committed 8240K, reserved 1048576K
}
Event: 15.332 GC heap before
{Heap before GC invocations=17 (full 3):
 PSYoungGen      total 276480K, used 253952K [0x00000000d5580000, 0x00000000eef80000, 0x0000000100000000)
  eden space 253952K, 100% used [0x00000000d5580000,0x00000000e4d80000,0x00000000e4d80000)
  from space 22528K, 0% used [0x00000000e4d80000,0x00000000e4d80000,0x00000000e6380000)
  to   space 22528K, 0% used [0x00000000ed980000,0x00000000ed980000,0x00000000eef80000)
 ParOldGen       total 72192K, used 32873K [0x0000000080000000, 0x0000000084680000, 0x00000000d5580000)
  object space 72192K, 45% used [0x0000000080000000,0x000000008201a728,0x0000000084680000)
 Metaspace       used 64257K, capacity 67190K, committed 67352K, reserved 1107968K
  class space    used 8822K, capacity 9397K, committed 9520K, reserved 1048576K
Event: 15.397 GC heap after
Heap after GC invocations=17 (full 3):
 PSYoungGen      total 378368K, used 20412K [0x00000000d5580000, 0x00000000eed80000, 0x0000000100000000)
  eden space 357888K, 0% used [0x00000000d5580000,0x00000000d5580000,0x00000000eb300000)
  from space 20480K, 99% used [0x00000000ed980000,0x00000000eed6f238,0x00000000eed80000)
  to   space 25600K, 0% used [0x00000000ebb80000,0x00000000ebb80000,0x00000000ed480000)
 ParOldGen       total 72192K, used 32881K [0x0000000080000000, 0x0000000084680000, 0x00000000d5580000)
  object space 72192K, 45% used [0x0000000080000000,0x000000008201c728,0x0000000084680000)
 Metaspace       used 64257K, capacity 67190K, committed 67352K, reserved 1107968K
  class space    used 8822K, capacity 9397K, committed 9520K, reserved 1048576K
}
Event: 18.616 GC heap before
{Heap before GC invocations=18 (full 3):
 PSYoungGen      total 378368K, used 378300K [0x00000000d5580000, 0x00000000eed80000, 0x0000000100000000)
  eden space 357888K, 100% used [0x00000000d5580000,0x00000000eb300000,0x00000000eb300000)
  from space 20480K, 99% used [0x00000000ed980000,0x00000000eed6f238,0x00000000eed80000)
  to   space 25600K, 0% used [0x00000000ebb80000,0x00000000ebb80000,0x00000000ed480000)
 ParOldGen       total 72192K, used 32881K [0x0000000080000000, 0x0000000084680000, 0x00000000d5580000)
  object space 72192K, 45% used [0x0000000080000000,0x000000008201c728,0x0000000084680000)
 Metaspace       used 73728K, capacity 77916K, committed 78232K, reserved 1116160K
  class space    used 10275K, capacity 11084K, committed 11184K, reserved 1048576K

